[ 2016-07-15T22:18:04+08:00 ] ::1 /2/QAQproject/index.php/commom/css/H-ui.min.css
ERR: 无法加载模块:Commom

[ 2016-07-15T22:19:02+08:00 ] ::1 /2/QAQproject/index.php/commom/css/H-ui.min.css
ERR: 无法加载模块:Commom

[ 2016-07-15T22:19:02+08:00 ] ::1 /2/QAQproject/index.php/commom/css/H-ui.admin.css
ERR: 无法加载模块:Commom

[ 2016-07-15T22:19:02+08:00 ] ::1 /2/QAQproject/index.php/commom/skin/default/skin.css
ERR: 无法加载模块:Commom

[ 2016-07-15T22:19:02+08:00 ] ::1 /2/QAQproject/index.php/commom/css/style.css
ERR: 无法加载模块:Commom

[ 2016-07-15T22:19:02+08:00 ] ::1 /2/QAQproject/index.php/commom/lib/Hui-iconfont/1.0.1/iconfont.css
ERR: 无法加载模块:Commom

[ 2016-07-15T22:23:46+08:00 ] ::1 /2/QAQproject/index.php/commom/css/style.css
ERR: 无法加载模块:Commom

[ 2016-07-15T22:23:47+08:00 ] ::1 /2/QAQproject/index.php/commom/css/H-ui.min.css
ERR: 无法加载模块:Commom

[ 2016-07-15T22:23:47+08:00 ] ::1 /2/QAQproject/index.php/commom/lib/Hui-iconfont/1.0.1/iconfont.css
ERR: 无法加载模块:Commom

[ 2016-07-15T22:23:48+08:00 ] ::1 /2/QAQproject/index.php/commom/css/H-ui.admin.css
ERR: 无法加载模块:Commom

[ 2016-07-15T22:23:48+08:00 ] ::1 /2/QAQproject/index.php/commom/skin/default/skin.css
ERR: 无法加载模块:Commom

