[ 2016-07-15T22:16:08+08:00 ] ::1 /2/QAQproject/index.php/admin/css/H-ui.min.css
ERR: 无法加载控制器:Css

[ 2016-07-15T22:16:08+08:00 ] ::1 /2/QAQproject/index.php/admin/index/welcome.html
ERR: 非法操作:welcome

[ 2016-07-15T22:16:09+08:00 ] ::1 /2/QAQproject/index.php/admin/index/lib/layer/1.9.3/layer.js
ERR: 非法操作:lib

[ 2016-07-15T22:16:09+08:00 ] ::1 /2/QAQproject/index.php/admin/index/js/H-ui.js
ERR: 非法操作:js

[ 2016-07-15T22:16:09+08:00 ] ::1 /2/QAQproject/index.php/admin/index/js/H-ui.admin.js
ERR: 非法操作:js

[ 2016-07-15T22:16:09+08:00 ] ::1 /2/QAQproject/index.php/admin/index/css/H-ui.admin.css
ERR: 非法操作:css

[ 2016-07-15T22:16:09+08:00 ] ::1 /2/QAQproject/index.php/admin/index/lib/jquery/1.9.1/jquery.min.js
ERR: 非法操作:lib

[ 2016-07-15T22:16:10+08:00 ] ::1 /2/QAQproject/index.php/admin/index/lib/Hui-iconfont/1.0.1/iconfont.css
ERR: 非法操作:lib

[ 2016-07-15T22:16:10+08:00 ] ::1 /2/QAQproject/index.php/admin/index/css/style.css
ERR: 非法操作:css

[ 2016-07-15T22:16:10+08:00 ] ::1 /2/QAQproject/index.php/admin/index/skin/default/skin.css
ERR: 非法操作:skin

[ 2016-07-15T22:16:10+08:00 ] ::1 /2/QAQproject/index.php/admin/index/lib/layer/1.9.3/layer.js
ERR: 非法操作:lib

[ 2016-07-15T22:16:14+08:00 ] ::1 /2/QAQproject/index.php/admin/index/js/H-ui.js
ERR: 非法操作:js

[ 2016-07-15T22:16:14+08:00 ] ::1 /2/QAQproject/index.php/admin/index/js/H-ui.admin.js
ERR: 非法操作:js

[ 2016-07-15T22:18:04+08:00 ] ::1 /2/QAQproject/index.php/admin/index/css/H-ui.admin.css
ERR: 非法操作:css

[ 2016-07-15T22:18:04+08:00 ] ::1 /2/QAQproject/index.php/admin/index/css/style.css
ERR: 非法操作:css

[ 2016-07-15T22:18:04+08:00 ] ::1 /2/QAQproject/index.php/admin/index/js/H-ui.js
ERR: 非法操作:js

[ 2016-07-15T22:18:04+08:00 ] ::1 /2/QAQproject/index.php/admin/index/lib/layer/1.9.3/layer.js
ERR: 非法操作:lib

[ 2016-07-15T22:18:04+08:00 ] ::1 /2/QAQproject/index.php/admin/index/welcome.html
ERR: 非法操作:welcome

[ 2016-07-15T22:18:04+08:00 ] ::1 /2/QAQproject/index.php/admin/index/js/H-ui.admin.js
ERR: 非法操作:js

[ 2016-07-15T22:18:04+08:00 ] ::1 /2/QAQproject/index.php/admin/index/skin/default/skin.css
ERR: 非法操作:skin

[ 2016-07-15T22:18:05+08:00 ] ::1 /2/QAQproject/index.php/admin/index/lib/Hui-iconfont/1.0.1/iconfont.css
ERR: 非法操作:lib

[ 2016-07-15T22:18:05+08:00 ] ::1 /2/QAQproject/index.php/admin/index/lib/jquery/1.9.1/jquery.min.js
ERR: 非法操作:lib

[ 2016-07-15T22:18:05+08:00 ] ::1 /2/QAQproject/index.php/admin/index/lib/layer/1.9.3/layer.js
ERR: 非法操作:lib

[ 2016-07-15T22:18:05+08:00 ] ::1 /2/QAQproject/index.php/admin/index/js/H-ui.js
ERR: 非法操作:js

[ 2016-07-15T22:18:05+08:00 ] ::1 /2/QAQproject/index.php/admin/index/js/H-ui.admin.js
ERR: 非法操作:js

[ 2016-07-15T22:19:02+08:00 ] ::1 /2/QAQproject/index.php/admin/index/lib/jquery/1.9.1/jquery.min.js
ERR: 非法操作:lib

[ 2016-07-15T22:19:02+08:00 ] ::1 /2/QAQproject/index.php/admin/index/lib/layer/1.9.3/layer.js
ERR: 非法操作:lib

[ 2016-07-15T22:19:02+08:00 ] ::1 /2/QAQproject/index.php/admin/index/js/H-ui.js
ERR: 非法操作:js

[ 2016-07-15T22:19:03+08:00 ] ::1 /2/QAQproject/index.php/admin/index/js/H-ui.admin.js
ERR: 非法操作:js

[ 2016-07-15T22:19:03+08:00 ] ::1 /2/QAQproject/index.php/admin/index/welcome.html
ERR: 非法操作:welcome

[ 2016-07-15T22:19:51+08:00 ] ::1 /2/QAQproject/index.php/admin/index/commom/css/H-ui.min.css
ERR: 非法操作:commom

[ 2016-07-15T22:19:51+08:00 ] ::1 /2/QAQproject/index.php/admin/index/commom/skin/default/skin.css
ERR: 非法操作:commom

[ 2016-07-15T22:19:51+08:00 ] ::1 /2/QAQproject/index.php/admin/index/commom/lib/Hui-iconfont/1.0.1/iconfont.css
ERR: 非法操作:commom

[ 2016-07-15T22:19:51+08:00 ] ::1 /2/QAQproject/index.php/admin/index/commom/css/style.css
ERR: 非法操作:commom

[ 2016-07-15T22:19:51+08:00 ] ::1 /2/QAQproject/index.php/admin/index/lib/jquery/1.9.1/jquery.min.js
ERR: 非法操作:lib

[ 2016-07-15T22:19:51+08:00 ] ::1 /2/QAQproject/index.php/admin/index/lib/layer/1.9.3/layer.js
ERR: 非法操作:lib

[ 2016-07-15T22:19:51+08:00 ] ::1 /2/QAQproject/index.php/admin/index/commom/css/H-ui.admin.css
ERR: 非法操作:commom

[ 2016-07-15T22:19:51+08:00 ] ::1 /2/QAQproject/index.php/admin/index/lib/layer/1.9.3/layer.js
ERR: 非法操作:lib

[ 2016-07-15T22:19:52+08:00 ] ::1 /2/QAQproject/index.php/admin/index/js/H-ui.admin.js
ERR: 非法操作:js

[ 2016-07-15T22:19:52+08:00 ] ::1 /2/QAQproject/index.php/admin/index/js/H-ui.js
ERR: 非法操作:js

[ 2016-07-15T22:19:52+08:00 ] ::1 /2/QAQproject/index.php/admin/index/welcome.html
ERR: 非法操作:welcome

[ 2016-07-15T22:19:52+08:00 ] ::1 /2/QAQproject/index.php/admin/index/js/H-ui.admin.js
ERR: 非法操作:js

[ 2016-07-15T22:20:17+08:00 ] ::1 /2/QAQproject/index.php/admin/index/commom/css/H-ui.min.css
ERR: 非法操作:commom

[ 2016-07-15T22:20:17+08:00 ] ::1 /2/QAQproject/index.php/admin/index/commom/css/H-ui.admin.css
ERR: 非法操作:commom

[ 2016-07-15T22:20:17+08:00 ] ::1 /2/QAQproject/index.php/admin/index/commom/skin/default/skin.css
ERR: 非法操作:commom

[ 2016-07-15T22:20:17+08:00 ] ::1 /2/QAQproject/index.php/admin/index/lib/layer/1.9.3/layer.js
ERR: 非法操作:lib

[ 2016-07-15T22:20:17+08:00 ] ::1 /2/QAQproject/index.php/admin/index/commom/lib/Hui-iconfont/1.0.1/iconfont.css
ERR: 非法操作:commom

[ 2016-07-15T22:20:17+08:00 ] ::1 /2/QAQproject/index.php/admin/index/welcome.html
ERR: 非法操作:welcome

[ 2016-07-15T22:20:17+08:00 ] ::1 /2/QAQproject/index.php/admin/index/js/H-ui.admin.js
ERR: 非法操作:js

[ 2016-07-15T22:20:18+08:00 ] ::1 /2/QAQproject/index.php/admin/index/commom/css/style.css
ERR: 非法操作:commom

[ 2016-07-15T22:20:18+08:00 ] ::1 /2/QAQproject/index.php/admin/index/js/H-ui.js
ERR: 非法操作:js

[ 2016-07-15T22:20:18+08:00 ] ::1 /2/QAQproject/index.php/admin/index/lib/jquery/1.9.1/jquery.min.js
ERR: 非法操作:lib

[ 2016-07-15T22:20:18+08:00 ] ::1 /2/QAQproject/index.php/admin/index/lib/layer/1.9.3/layer.js
ERR: 非法操作:lib

[ 2016-07-15T22:20:18+08:00 ] ::1 /2/QAQproject/index.php/admin/index/js/H-ui.js
ERR: 非法操作:js

[ 2016-07-15T22:20:18+08:00 ] ::1 /2/QAQproject/index.php/admin/index/js/H-ui.admin.js
ERR: 非法操作:js

[ 2016-07-15T22:21:34+08:00 ] ::1 /2/QAQproject/index.php/admin/index/commom/css/H-ui.admin.css
ERR: 非法操作:commom

[ 2016-07-15T22:21:34+08:00 ] ::1 /2/QAQproject/index.php/admin/index/commom/css/H-ui.min.css
ERR: 非法操作:commom

[ 2016-07-15T22:21:34+08:00 ] ::1 /2/QAQproject/index.php/admin/index/commom/lib/Hui-iconfont/1.0.1/iconfont.css
ERR: 非法操作:commom

[ 2016-07-15T22:21:34+08:00 ] ::1 /2/QAQproject/index.php/admin/index/lib/layer/1.9.3/layer.js
ERR: 非法操作:lib

[ 2016-07-15T22:21:34+08:00 ] ::1 /2/QAQproject/index.php/admin/index/welcome.html
ERR: 非法操作:welcome

[ 2016-07-15T22:21:34+08:00 ] ::1 /2/QAQproject/index.php/admin/index/js/H-ui.admin.js
ERR: 非法操作:js

[ 2016-07-15T22:21:34+08:00 ] ::1 /2/QAQproject/index.php/admin/index/commom/skin/default/skin.css
ERR: 非法操作:commom

[ 2016-07-15T22:21:35+08:00 ] ::1 /2/QAQproject/index.php/admin/index/js/H-ui.js
ERR: 非法操作:js

[ 2016-07-15T22:21:35+08:00 ] ::1 /2/QAQproject/index.php/admin/index/lib/jquery/1.9.1/jquery.min.js
ERR: 非法操作:lib

[ 2016-07-15T22:21:35+08:00 ] ::1 /2/QAQproject/index.php/admin/index/commom/css/style.css
ERR: 非法操作:commom

[ 2016-07-15T22:21:35+08:00 ] ::1 /2/QAQproject/index.php/admin/index/lib/layer/1.9.3/layer.js
ERR: 非法操作:lib

[ 2016-07-15T22:21:36+08:00 ] ::1 /2/QAQproject/index.php/admin/index/js/H-ui.js
ERR: 非法操作:js

[ 2016-07-15T22:21:36+08:00 ] ::1 /2/QAQproject/index.php/admin/index/js/H-ui.admin.js
ERR: 非法操作:js

[ 2016-07-15T22:22:19+08:00 ] ::1 /2/QAQproject/index.php/admin/index/commom/css/H-ui.min.css
ERR: 非法操作:commom

[ 2016-07-15T22:22:19+08:00 ] ::1 /2/QAQproject/index.php/admin/index/commom/css/H-ui.admin.css
ERR: 非法操作:commom

[ 2016-07-15T22:22:19+08:00 ] ::1 /2/QAQproject/index.php/admin/index/commom/css/style.css
ERR: 非法操作:commom

[ 2016-07-15T22:22:19+08:00 ] ::1 /2/QAQproject/index.php/admin/index/lib/layer/1.9.3/layer.js
ERR: 非法操作:lib

[ 2016-07-15T22:22:19+08:00 ] ::1 /2/QAQproject/index.php/admin/index/welcome.html
ERR: 非法操作:welcome

[ 2016-07-15T22:22:19+08:00 ] ::1 /2/QAQproject/index.php/admin/index/js/H-ui.js
ERR: 非法操作:js

[ 2016-07-15T22:22:19+08:00 ] ::1 /2/QAQproject/index.php/admin/index/js/H-ui.admin.js
ERR: 非法操作:js

[ 2016-07-15T22:22:20+08:00 ] ::1 /2/QAQproject/index.php/admin/index/commom/lib/Hui-iconfont/1.0.1/iconfont.css
ERR: 非法操作:commom

[ 2016-07-15T22:22:20+08:00 ] ::1 /2/QAQproject/index.php/admin/index/commom/skin/default/skin.css
ERR: 非法操作:commom

[ 2016-07-15T22:22:20+08:00 ] ::1 /2/QAQproject/index.php/admin/index/lib/jquery/1.9.1/jquery.min.js
ERR: 非法操作:lib

[ 2016-07-15T22:22:20+08:00 ] ::1 /2/QAQproject/index.php/admin/index/lib/layer/1.9.3/layer.js
ERR: 非法操作:lib

[ 2016-07-15T22:22:20+08:00 ] ::1 /2/QAQproject/index.php/admin/index/js/H-ui.js
ERR: 非法操作:js

[ 2016-07-15T22:22:20+08:00 ] ::1 /2/QAQproject/index.php/admin/index/js/H-ui.admin.js
ERR: 非法操作:js

[ 2016-07-15T22:22:36+08:00 ] ::1 /2/QAQproject/index.php/admin/commom/css/H-ui.min.css
ERR: 无法加载控制器:Commom

[ 2016-07-15T22:22:36+08:00 ] ::1 /2/QAQproject/index.php/admin/commom/lib/Hui-iconfont/1.0.1/iconfont.css
ERR: 无法加载控制器:Commom

[ 2016-07-15T22:22:36+08:00 ] ::1 /2/QAQproject/index.php/admin/commom/css/H-ui.admin.css
ERR: 无法加载控制器:Commom

[ 2016-07-15T22:22:36+08:00 ] ::1 /2/QAQproject/index.php/admin/index/lib/jquery/1.9.1/jquery.min.js
ERR: 非法操作:lib

[ 2016-07-15T22:22:36+08:00 ] ::1 /2/QAQproject/index.php/admin/index/lib/layer/1.9.3/layer.js
ERR: 非法操作:lib

[ 2016-07-15T22:22:36+08:00 ] ::1 /2/QAQproject/index.php/admin/index/js/H-ui.admin.js
ERR: 非法操作:js

[ 2016-07-15T22:22:36+08:00 ] ::1 /2/QAQproject/index.php/admin/index/welcome.html
ERR: 非法操作:welcome

[ 2016-07-15T22:22:37+08:00 ] ::1 /2/QAQproject/index.php/admin/commom/skin/default/skin.css
ERR: 无法加载控制器:Commom

[ 2016-07-15T22:22:37+08:00 ] ::1 /2/QAQproject/index.php/admin/index/js/H-ui.js
ERR: 非法操作:js

[ 2016-07-15T22:22:37+08:00 ] ::1 /2/QAQproject/index.php/admin/commom/css/style.css
ERR: 无法加载控制器:Commom

[ 2016-07-15T22:22:37+08:00 ] ::1 /2/QAQproject/index.php/admin/index/lib/layer/1.9.3/layer.js
ERR: 非法操作:lib

[ 2016-07-15T22:22:37+08:00 ] ::1 /2/QAQproject/index.php/admin/index/js/H-ui.js
ERR: 非法操作:js

[ 2016-07-15T22:22:37+08:00 ] ::1 /2/QAQproject/index.php/admin/index/js/H-ui.admin.js
ERR: 非法操作:js

[ 2016-07-15T22:22:47+08:00 ] ::1 /2/QAQproject/index.php/admin/commom/css/H-ui.min.css
ERR: 无法加载控制器:Commom

[ 2016-07-15T22:22:47+08:00 ] ::1 /2/QAQproject/index.php/admin/commom/css/H-ui.admin.css
ERR: 无法加载控制器:Commom

[ 2016-07-15T22:22:47+08:00 ] ::1 /2/QAQproject/index.php/admin/commom/skin/default/skin.css
ERR: 无法加载控制器:Commom

[ 2016-07-15T22:22:47+08:00 ] ::1 /2/QAQproject/index.php/admin/commom/lib/Hui-iconfont/1.0.1/iconfont.css
ERR: 无法加载控制器:Commom

[ 2016-07-15T22:22:47+08:00 ] ::1 /2/QAQproject/index.php/admin/commom/css/style.css
ERR: 无法加载控制器:Commom

[ 2016-07-15T22:23:46+08:00 ] ::1 /2/QAQproject/index.php/admin/index/lib/jquery/1.9.1/jquery.min.js
ERR: 非法操作:lib

[ 2016-07-15T22:23:46+08:00 ] ::1 /2/QAQproject/index.php/admin/index/lib/layer/1.9.3/layer.js
ERR: 非法操作:lib

[ 2016-07-15T22:23:46+08:00 ] ::1 /2/QAQproject/index.php/admin/index/welcome.html
ERR: 非法操作:welcome

[ 2016-07-15T22:23:46+08:00 ] ::1 /2/QAQproject/index.php/admin/index/js/H-ui.js
ERR: 非法操作:js

[ 2016-07-15T22:23:47+08:00 ] ::1 /2/QAQproject/index.php/admin/index/js/H-ui.admin.js
ERR: 非法操作:js

[ 2016-07-15T22:23:48+08:00 ] ::1 /2/QAQproject/index.php/admin/index/lib/layer/1.9.3/layer.js
ERR: 非法操作:lib

[ 2016-07-15T22:23:48+08:00 ] ::1 /2/QAQproject/index.php/admin/index/js/H-ui.js
ERR: 非法操作:js

[ 2016-07-15T22:23:48+08:00 ] ::1 /2/QAQproject/index.php/admin/index/js/H-ui.admin.js
ERR: 非法操作:js

[ 2016-07-15T22:26:08+08:00 ] ::1 /2/QAQproject/index.php/admin/index/__COMMON__css/H-ui.min.css
ERR: 非法操作:__COMMON__css

[ 2016-07-15T22:26:08+08:00 ] ::1 /2/QAQproject/index.php/admin/index/__COMMON__skin/default/skin.css
ERR: 非法操作:__COMMON__skin

[ 2016-07-15T22:26:08+08:00 ] ::1 /2/QAQproject/index.php/admin/index/__COMMON__lib/Hui-iconfont/1.0.1/iconfont.css
ERR: 非法操作:__COMMON__lib

[ 2016-07-15T22:26:08+08:00 ] ::1 /2/QAQproject/index.php/admin/index/__COMMON__css/style.css
ERR: 非法操作:__COMMON__css

[ 2016-07-15T22:26:08+08:00 ] ::1 /2/QAQproject/index.php/admin/index/__COMMON__css/H-ui.admin.css
ERR: 非法操作:__COMMON__css

[ 2016-07-15T22:26:08+08:00 ] ::1 /2/QAQproject/index.php/admin/index/welcome.html
ERR: 非法操作:welcome

[ 2016-07-15T22:26:08+08:00 ] ::1 /2/QAQproject/index.php/admin/index/js/H-ui.admin.js
ERR: 非法操作:js

[ 2016-07-15T22:26:09+08:00 ] ::1 /2/QAQproject/index.php/admin/index/lib/layer/1.9.3/layer.js
ERR: 非法操作:lib

[ 2016-07-15T22:26:09+08:00 ] ::1 /2/QAQproject/index.php/admin/index/lib/jquery/1.9.1/jquery.min.js
ERR: 非法操作:lib

[ 2016-07-15T22:26:09+08:00 ] ::1 /2/QAQproject/index.php/admin/index/js/H-ui.js
ERR: 非法操作:js

[ 2016-07-15T22:26:09+08:00 ] ::1 /2/QAQproject/index.php/admin/index/js/H-ui.admin.js
ERR: 非法操作:js

[ 2016-07-15T22:26:12+08:00 ] ::1 /2/QAQproject/index.php/admin/index/__COMMON__css/H-ui.min.css
ERR: 非法操作:__COMMON__css

[ 2016-07-15T22:26:12+08:00 ] ::1 /2/QAQproject/index.php/admin/index/__COMMON__css/H-ui.admin.css
ERR: 非法操作:__COMMON__css

[ 2016-07-15T22:26:12+08:00 ] ::1 /2/QAQproject/index.php/admin/index/__COMMON__lib/Hui-iconfont/1.0.1/iconfont.css
ERR: 非法操作:__COMMON__lib

[ 2016-07-15T22:26:12+08:00 ] ::1 /2/QAQproject/index.php/admin/index/__COMMON__skin/default/skin.css
ERR: 非法操作:__COMMON__skin

[ 2016-07-15T22:26:12+08:00 ] ::1 /2/QAQproject/index.php/admin/index/js/H-ui.js
ERR: 非法操作:js

[ 2016-07-15T22:26:12+08:00 ] ::1 /2/QAQproject/index.php/admin/index/welcome.html
ERR: 非法操作:welcome

[ 2016-07-15T22:26:12+08:00 ] ::1 /2/QAQproject/index.php/admin/index/js/H-ui.admin.js
ERR: 非法操作:js

[ 2016-07-15T22:26:13+08:00 ] ::1 /2/QAQproject/index.php/admin/index/__COMMON__css/style.css
ERR: 非法操作:__COMMON__css

[ 2016-07-15T22:26:13+08:00 ] ::1 /2/QAQproject/index.php/admin/index/lib/jquery/1.9.1/jquery.min.js
ERR: 非法操作:lib

[ 2016-07-15T22:26:13+08:00 ] ::1 /2/QAQproject/index.php/admin/index/lib/layer/1.9.3/layer.js
ERR: 非法操作:lib

[ 2016-07-15T22:26:13+08:00 ] ::1 /2/QAQproject/index.php/admin/index/lib/layer/1.9.3/layer.js
ERR: 非法操作:lib

[ 2016-07-15T22:26:13+08:00 ] ::1 /2/QAQproject/index.php/admin/index/js/H-ui.js
ERR: 非法操作:js

[ 2016-07-15T22:26:13+08:00 ] ::1 /2/QAQproject/index.php/admin/index/js/H-ui.admin.js
ERR: 非法操作:js

[ 2016-07-15T22:28:31+08:00 ] ::1 /2/QAQproject/index.php/Admin/Indexcss/H-ui.min.css
ERR: 无法加载控制器:Indexcss

[ 2016-07-15T22:28:31+08:00 ] ::1 /2/QAQproject/index.php/Admin/Indexskin/default/skin.css
ERR: 无法加载控制器:Indexskin

[ 2016-07-15T22:28:31+08:00 ] ::1 /2/QAQproject/index.php/Admin/Indexcss/H-ui.admin.css
ERR: 无法加载控制器:Indexcss

[ 2016-07-15T22:28:31+08:00 ] ::1 /2/QAQproject/index.php/admin/index/welcome.html
ERR: 非法操作:welcome

[ 2016-07-15T22:28:31+08:00 ] ::1 /2/QAQproject/index.php/Admin/Indexcss/style.css
ERR: 无法加载控制器:Indexcss

[ 2016-07-15T22:28:31+08:00 ] ::1 /2/QAQproject/index.php/admin/index/js/H-ui.admin.js
ERR: 非法操作:js

[ 2016-07-15T22:28:31+08:00 ] ::1 /2/QAQproject/index.php/admin/index/js/H-ui.js
ERR: 非法操作:js

[ 2016-07-15T22:28:31+08:00 ] ::1 /2/QAQproject/index.php/admin/index/lib/layer/1.9.3/layer.js
ERR: 非法操作:lib

[ 2016-07-15T22:28:31+08:00 ] ::1 /2/QAQproject/index.php/admin/index/lib/jquery/1.9.1/jquery.min.js
ERR: 非法操作:lib

[ 2016-07-15T22:28:31+08:00 ] ::1 /2/QAQproject/index.php/Admin/Indexlib/Hui-iconfont/1.0.1/iconfont.css
ERR: 无法加载控制器:Indexlib

[ 2016-07-15T22:28:31+08:00 ] ::1 /2/QAQproject/index.php/admin/index/lib/layer/1.9.3/layer.js
ERR: 非法操作:lib

[ 2016-07-15T22:28:31+08:00 ] ::1 /2/QAQproject/index.php/admin/index/js/H-ui.js
ERR: 非法操作:js

[ 2016-07-15T22:28:31+08:00 ] ::1 /2/QAQproject/index.php/admin/index/js/H-ui.admin.js
ERR: 非法操作:js

[ 2016-07-15T22:29:58+08:00 ] ::1 /2/QAQproject/index.php/Admin/Indexcss/H-ui.min.css
ERR: 无法加载控制器:Indexcss

[ 2016-07-15T22:29:58+08:00 ] ::1 /2/QAQproject/index.php/Admin/Indexskin/default/skin.css
ERR: 无法加载控制器:Indexskin

[ 2016-07-15T22:29:58+08:00 ] ::1 /2/QAQproject/index.php/Admin/Indexlib/Hui-iconfont/1.0.1/iconfont.css
ERR: 无法加载控制器:Indexlib

[ 2016-07-15T22:29:58+08:00 ] ::1 /2/QAQproject/index.php/admin/index/js/H-ui.js
ERR: 非法操作:js

[ 2016-07-15T22:29:58+08:00 ] ::1 /2/QAQproject/index.php/admin/index/welcome.html
ERR: 非法操作:welcome

[ 2016-07-15T22:29:58+08:00 ] ::1 /2/QAQproject/index.php/Admin/Indexcss/H-ui.admin.css
ERR: 无法加载控制器:Indexcss

[ 2016-07-15T22:29:58+08:00 ] ::1 /2/QAQproject/index.php/admin/index/lib/jquery/1.9.1/jquery.min.js
ERR: 非法操作:lib

[ 2016-07-15T22:29:58+08:00 ] ::1 /2/QAQproject/index.php/admin/index/js/H-ui.admin.js
ERR: 非法操作:js

[ 2016-07-15T22:29:58+08:00 ] ::1 /2/QAQproject/index.php/admin/index/lib/layer/1.9.3/layer.js
ERR: 非法操作:lib

[ 2016-07-15T22:29:58+08:00 ] ::1 /2/QAQproject/index.php/Admin/Indexcss/style.css
ERR: 无法加载控制器:Indexcss

[ 2016-07-15T22:29:58+08:00 ] ::1 /2/QAQproject/index.php/admin/index/lib/layer/1.9.3/layer.js
ERR: 非法操作:lib

[ 2016-07-15T22:29:58+08:00 ] ::1 /2/QAQproject/index.php/admin/index/js/H-ui.js
ERR: 非法操作:js

[ 2016-07-15T22:29:58+08:00 ] ::1 /2/QAQproject/index.php/admin/index/js/H-ui.admin.js
ERR: 非法操作:js

[ 2016-07-15T22:31:56+08:00 ] ::1 /2/QAQproject/index.php/admin/index/css/H-ui.min.css
ERR: 非法操作:css

[ 2016-07-15T22:31:56+08:00 ] ::1 /2/QAQproject/index.php/admin/index/welcome.html
ERR: 非法操作:welcome

[ 2016-07-15T22:31:56+08:00 ] ::1 /2/QAQproject/index.php/admin/index/lib/layer/1.9.3/layer.js
ERR: 非法操作:lib

[ 2016-07-15T22:31:56+08:00 ] ::1 /2/QAQproject/index.php/admin/index/js/H-ui.js
ERR: 非法操作:js

[ 2016-07-15T22:31:56+08:00 ] ::1 /2/QAQproject/index.php/admin/index/js/H-ui.admin.js
ERR: 非法操作:js

[ 2016-07-15T22:31:57+08:00 ] ::1 /2/QAQproject/index.php/admin/index/css/H-ui.admin.css
ERR: 非法操作:css

[ 2016-07-15T22:31:57+08:00 ] ::1 /2/QAQproject/index.php/admin/index/lib/jquery/1.9.1/jquery.min.js
ERR: 非法操作:lib

[ 2016-07-15T22:31:57+08:00 ] ::1 /2/QAQproject/index.php/admin/index/css/style.css
ERR: 非法操作:css

[ 2016-07-15T22:31:57+08:00 ] ::1 /2/QAQproject/index.php/admin/index/lib/Hui-iconfont/1.0.1/iconfont.css
ERR: 非法操作:lib

[ 2016-07-15T22:31:57+08:00 ] ::1 /2/QAQproject/index.php/admin/index/default/skin.css
ERR: 非法操作:default

[ 2016-07-15T22:31:57+08:00 ] ::1 /2/QAQproject/index.php/admin/index/lib/layer/1.9.3/layer.js
ERR: 非法操作:lib

[ 2016-07-15T22:31:57+08:00 ] ::1 /2/QAQproject/index.php/admin/index/js/H-ui.js
ERR: 非法操作:js

[ 2016-07-15T22:31:57+08:00 ] ::1 /2/QAQproject/index.php/admin/index/js/H-ui.admin.js
ERR: 非法操作:js

[ 2016-07-15T22:33:53+08:00 ] ::1 /2/QAQproject/index.php/admin/index/css/H-ui.min.css
ERR: 非法操作:css

[ 2016-07-15T22:33:53+08:00 ] ::1 /2/QAQproject/index.php/admin/index/lib/layer/1.9.3/layer.js
ERR: 非法操作:lib

[ 2016-07-15T22:33:53+08:00 ] ::1 /2/QAQproject/index.php/admin/index/default/skin.css
ERR: 非法操作:default

[ 2016-07-15T22:33:53+08:00 ] ::1 /2/QAQproject/index.php/admin/index/css/style.css
ERR: 非法操作:css

[ 2016-07-15T22:33:53+08:00 ] ::1 /2/QAQproject/index.php/admin/index/js/H-ui.js
ERR: 非法操作:js

[ 2016-07-15T22:33:53+08:00 ] ::1 /2/QAQproject/index.php/admin/index/js/H-ui.admin.js
ERR: 非法操作:js

[ 2016-07-15T22:33:53+08:00 ] ::1 /2/QAQproject/index.php/admin/index/welcome.html
ERR: 非法操作:welcome

[ 2016-07-15T22:33:54+08:00 ] ::1 /2/QAQproject/index.php/admin/index/css/H-ui.admin.css
ERR: 非法操作:css

[ 2016-07-15T22:33:54+08:00 ] ::1 /2/QAQproject/index.php/admin/index/lib/Hui-iconfont/1.0.1/iconfont.css
ERR: 非法操作:lib

[ 2016-07-15T22:33:54+08:00 ] ::1 /2/QAQproject/index.php/admin/index/lib/jquery/1.9.1/jquery.min.js
ERR: 非法操作:lib

[ 2016-07-15T22:33:54+08:00 ] ::1 /2/QAQproject/index.php/admin/index/lib/layer/1.9.3/layer.js
ERR: 非法操作:lib

[ 2016-07-15T22:33:54+08:00 ] ::1 /2/QAQproject/index.php/admin/index/js/H-ui.js
ERR: 非法操作:js

[ 2016-07-15T22:33:54+08:00 ] ::1 /2/QAQproject/index.php/admin/index/js/H-ui.admin.js
ERR: 非法操作:js

[ 2016-07-15T22:33:58+08:00 ] ::1 /2/QAQproject/index.php/admin/index/css/H-ui.min.css
ERR: 非法操作:css

[ 2016-07-15T22:33:58+08:00 ] ::1 /2/QAQproject/index.php/admin/index/css/H-ui.admin.css
ERR: 非法操作:css

[ 2016-07-15T22:33:58+08:00 ] ::1 /2/QAQproject/index.php/admin/index/lib/Hui-iconfont/1.0.1/iconfont.css
ERR: 非法操作:lib

[ 2016-07-15T22:33:58+08:00 ] ::1 /2/QAQproject/index.php/admin/index/css/style.css
ERR: 非法操作:css

[ 2016-07-15T22:33:58+08:00 ] ::1 /2/QAQproject/index.php/admin/index/default/skin.css
ERR: 非法操作:default

[ 2016-07-15T22:33:59+08:00 ] ::1 /2/QAQproject/index.php/admin/index/lib/jquery/1.9.1/jquery.min.js
ERR: 非法操作:lib

[ 2016-07-15T22:33:59+08:00 ] ::1 /2/QAQproject/index.php/admin/index/js/H-ui.admin.js
ERR: 非法操作:js

[ 2016-07-15T22:33:59+08:00 ] ::1 /2/QAQproject/index.php/admin/index/js/H-ui.js
ERR: 非法操作:js

[ 2016-07-15T22:33:59+08:00 ] ::1 /2/QAQproject/index.php/admin/index/welcome.html
ERR: 非法操作:welcome

[ 2016-07-15T22:33:59+08:00 ] ::1 /2/QAQproject/index.php/admin/index/lib/jquery/1.9.1/jquery.min.js
ERR: 非法操作:lib

[ 2016-07-15T22:33:59+08:00 ] ::1 /2/QAQproject/index.php/admin/index/lib/layer/1.9.3/layer.js
ERR: 非法操作:lib

[ 2016-07-15T22:33:59+08:00 ] ::1 /2/QAQproject/index.php/admin/index/js/H-ui.js
ERR: 非法操作:js

[ 2016-07-15T22:33:59+08:00 ] ::1 /2/QAQproject/index.php/admin/index/js/H-ui.admin.js
ERR: 非法操作:js

[ 2016-07-15T22:34:00+08:00 ] ::1 /2/QAQproject/index.php/admin/index/css/H-ui.min.css
ERR: 非法操作:css

[ 2016-07-15T22:34:00+08:00 ] ::1 /2/QAQproject/index.php/admin/index/css/H-ui.admin.css
ERR: 非法操作:css

[ 2016-07-15T22:34:00+08:00 ] ::1 /2/QAQproject/index.php/admin/index/lib/Hui-iconfont/1.0.1/iconfont.css
ERR: 非法操作:lib

[ 2016-07-15T22:34:00+08:00 ] ::1 /2/QAQproject/index.php/admin/index/default/skin.css
ERR: 非法操作:default

[ 2016-07-15T22:34:00+08:00 ] ::1 /2/QAQproject/index.php/admin/index/welcome.html
ERR: 非法操作:welcome

[ 2016-07-15T22:34:00+08:00 ] ::1 /2/QAQproject/index.php/admin/index/lib/layer/1.9.3/layer.js
ERR: 非法操作:lib

[ 2016-07-15T22:34:00+08:00 ] ::1 /2/QAQproject/index.php/admin/index/js/H-ui.js
ERR: 非法操作:js

[ 2016-07-15T22:34:00+08:00 ] ::1 /2/QAQproject/index.php/admin/index/js/H-ui.admin.js
ERR: 非法操作:js

[ 2016-07-15T22:34:01+08:00 ] ::1 /2/QAQproject/index.php/admin/index/lib/jquery/1.9.1/jquery.min.js
ERR: 非法操作:lib

[ 2016-07-15T22:34:01+08:00 ] ::1 /2/QAQproject/index.php/admin/index/css/style.css
ERR: 非法操作:css

[ 2016-07-15T22:34:01+08:00 ] ::1 /2/QAQproject/index.php/admin/index/lib/layer/1.9.3/layer.js
ERR: 非法操作:lib

[ 2016-07-15T22:34:01+08:00 ] ::1 /2/QAQproject/index.php/admin/index/js/H-ui.js
ERR: 非法操作:js

[ 2016-07-15T22:34:01+08:00 ] ::1 /2/QAQproject/index.php/admin/index/js/H-ui.admin.js
ERR: 非法操作:js

[ 2016-07-15T22:34:02+08:00 ] ::1 /2/QAQproject/index.php/admin/index/css/H-ui.min.css
ERR: 非法操作:css

[ 2016-07-15T22:34:02+08:00 ] ::1 /2/QAQproject/index.php/admin/index/default/skin.css
ERR: 非法操作:default

[ 2016-07-15T22:34:02+08:00 ] ::1 /2/QAQproject/index.php/admin/index/css/H-ui.admin.css
ERR: 非法操作:css

[ 2016-07-15T22:34:02+08:00 ] ::1 /2/QAQproject/index.php/admin/index/css/style.css
ERR: 非法操作:css

[ 2016-07-15T22:34:02+08:00 ] ::1 /2/QAQproject/index.php/admin/index/lib/layer/1.9.3/layer.js
ERR: 非法操作:lib

[ 2016-07-15T22:34:02+08:00 ] ::1 /2/QAQproject/index.php/admin/index/lib/jquery/1.9.1/jquery.min.js
ERR: 非法操作:lib

[ 2016-07-15T22:34:02+08:00 ] ::1 /2/QAQproject/index.php/admin/index/lib/Hui-iconfont/1.0.1/iconfont.css
ERR: 非法操作:lib

[ 2016-07-15T22:34:02+08:00 ] ::1 /2/QAQproject/index.php/admin/index/js/H-ui.admin.js
ERR: 非法操作:js

[ 2016-07-15T22:34:02+08:00 ] ::1 /2/QAQproject/index.php/admin/index/lib/layer/1.9.3/layer.js
ERR: 非法操作:lib

[ 2016-07-15T22:34:03+08:00 ] ::1 /2/QAQproject/index.php/admin/index/js/H-ui.js
ERR: 非法操作:js

[ 2016-07-15T22:34:03+08:00 ] ::1 /2/QAQproject/index.php/admin/index/welcome.html
ERR: 非法操作:welcome

[ 2016-07-15T22:34:03+08:00 ] ::1 /2/QAQproject/index.php/admin/index/js/H-ui.admin.js
ERR: 非法操作:js

