[ 2016-07-18T08:41:16+08:00 ] ::1 /2/QAQproject/index.php/admin/index/__public__/admin/css/H-ui.min.css
ERR: 非法操作:__public__

[ 2016-07-18T08:41:16+08:00 ] ::1 /2/QAQproject/index.php/admin/index/__public__/admin/lib/jquery/1.9.1/jquery.min.js
ERR: 非法操作:__public__

[ 2016-07-18T08:41:16+08:00 ] ::1 /2/QAQproject/index.php/admin/index/__public__/admin/lib/layer/1.9.3/layer.js
ERR: 非法操作:__public__

[ 2016-07-18T08:41:16+08:00 ] ::1 /2/QAQproject/index.php/admin/index/__public__/admin/js/H-ui.js
ERR: 非法操作:__public__

[ 2016-07-18T08:41:16+08:00 ] ::1 /2/QAQproject/index.php/admin/index/__public__/admin/js/H-ui.admin.js
ERR: 非法操作:__public__

[ 2016-07-18T08:41:17+08:00 ] ::1 /2/QAQproject/index.php/admin/index/__public__/admin/css/H-ui.admin.css
ERR: 非法操作:__public__

[ 2016-07-18T08:41:17+08:00 ] ::1 /2/QAQproject/index.php/admin/index/__public__/admin/lib/Hui-iconfont/1.0.1/iconfont.css
ERR: 非法操作:__public__

[ 2016-07-18T08:41:17+08:00 ] ::1 /2/QAQproject/index.php/admin/index/welcome.html
ERR: 非法操作:welcome

[ 2016-07-18T08:41:17+08:00 ] ::1 /2/QAQproject/index.php/admin/index/__public__/admin/css/style.css
ERR: 非法操作:__public__

[ 2016-07-18T08:41:17+08:00 ] ::1 /2/QAQproject/index.php/admin/index/__public__/admin/default/skin.css
ERR: 非法操作:__public__

[ 2016-07-18T08:41:17+08:00 ] ::1 /2/QAQproject/index.php/admin/index/__public__/admin/lib/layer/1.9.3/layer.js
ERR: 非法操作:__public__

[ 2016-07-18T08:41:19+08:00 ] ::1 /2/QAQproject/index.php/admin/index/__public__/admin/js/H-ui.js
ERR: 非法操作:__public__

[ 2016-07-18T08:41:19+08:00 ] ::1 /2/QAQproject/index.php/admin/index/__public__/admin/js/H-ui.admin.js
ERR: 非法操作:__public__

[ 2016-07-18T08:41:31+08:00 ] ::1 /2/QAQproject/index.php/admin/index/__public__/admin/default/skin.css
ERR: 非法操作:__public__

[ 2016-07-18T08:41:31+08:00 ] ::1 /2/QAQproject/index.php/admin/index/__public__/admin/lib/Hui-iconfont/1.0.1/iconfont.css
ERR: 非法操作:__public__

[ 2016-07-18T08:41:31+08:00 ] ::1 /2/QAQproject/index.php/admin/index/__public__/admin/css/H-ui.admin.css
ERR: 非法操作:__public__

[ 2016-07-18T08:41:31+08:00 ] ::1 /2/QAQproject/index.php/admin/index/__public__/admin/css/H-ui.min.css
ERR: 非法操作:__public__

[ 2016-07-18T08:41:31+08:00 ] ::1 /2/QAQproject/index.php/admin/index/__public__/admin/css/style.css
ERR: 非法操作:__public__

[ 2016-07-18T08:42:27+08:00 ] ::1 /2/QAQproject/index.php/admin/index/__public__/admin/lib/jquery/1.9.1/jquery.min.js
ERR: 非法操作:__public__

[ 2016-07-18T08:42:27+08:00 ] ::1 /2/QAQproject/index.php/admin/index/welcome.html
ERR: 非法操作:welcome

[ 2016-07-18T08:42:27+08:00 ] ::1 /2/QAQproject/index.php/admin/index/__public__/admin/lib/layer/1.9.3/layer.js
ERR: 非法操作:__public__

[ 2016-07-18T08:42:27+08:00 ] ::1 /2/QAQproject/index.php/admin/index/__public__/admin/js/H-ui.js
ERR: 非法操作:__public__

[ 2016-07-18T08:42:27+08:00 ] ::1 /2/QAQproject/index.php/admin/index/__public__/admin/js/H-ui.admin.js
ERR: 非法操作:__public__

[ 2016-07-18T08:42:27+08:00 ] ::1 /2/QAQproject/index.php/admin/index/__public__/admin/lib/layer/1.9.3/layer.js
ERR: 非法操作:__public__

[ 2016-07-18T08:42:27+08:00 ] ::1 /2/QAQproject/index.php/admin/index/__public__/admin/js/H-ui.js
ERR: 非法操作:__public__

[ 2016-07-18T08:42:27+08:00 ] ::1 /2/QAQproject/index.php/admin/index/__public__/admin/js/H-ui.admin.js
ERR: 非法操作:__public__

[ 2016-07-18T08:43:00+08:00 ] ::1 /2/QAQproject/index.php/admin/index/welcome.html
ERR: 非法操作:welcome

[ 2016-07-18T08:43:00+08:00 ] ::1 /2/QAQproject/index.php/admin/index/skin/default/skin.css
ERR: 非法操作:skin

[ 2016-07-18T08:43:01+08:00 ] ::1 /2/QAQproject/index.php/admin/index/welcome.html
ERR: 非法操作:welcome

[ 2016-07-18T08:43:01+08:00 ] ::1 /2/QAQproject/index.php/admin/index/skin/default/skin.css
ERR: 非法操作:skin

[ 2016-07-18T08:43:02+08:00 ] ::1 /2/QAQproject/index.php/admin/index/welcome.html
ERR: 非法操作:welcome

[ 2016-07-18T08:43:03+08:00 ] ::1 /2/QAQproject/index.php/admin/index/skin/default/skin.css
ERR: 非法操作:skin

[ 2016-07-18T08:43:03+08:00 ] ::1 /2/QAQproject/index.php/admin/index/welcome.html
ERR: 非法操作:welcome

[ 2016-07-18T08:43:04+08:00 ] ::1 /2/QAQproject/index.php/admin/index/skin/default/skin.css
ERR: 非法操作:skin

[ 2016-07-18T08:47:05+08:00 ] ::1 /2/QAQproject/index.php/admin/index/css/H-ui.min.css
ERR: 非法操作:css

[ 2016-07-18T08:47:05+08:00 ] ::1 /2/QAQproject/index.php/admin/index/css/H-ui.admin.css
ERR: 非法操作:css

[ 2016-07-18T08:47:05+08:00 ] ::1 /2/QAQproject/index.php/admin/index/lib/Hui-iconfont/1.0.1/iconfont.css
ERR: 非法操作:lib

[ 2016-07-18T08:47:05+08:00 ] ::1 /2/QAQproject/index.php/admin/index/lib/jquery/1.9.1/jquery.min.js
ERR: 非法操作:lib

[ 2016-07-18T08:47:06+08:00 ] ::1 /2/QAQproject/index.php/admin/index/skin/default/skin.css
ERR: 非法操作:skin

[ 2016-07-18T08:47:06+08:00 ] ::1 /2/QAQproject/index.php/admin/index/js/H-ui.js
ERR: 非法操作:js

[ 2016-07-18T08:48:20+08:00 ] ::1 /2/QAQproject/index.php/admin/index/js/H-ui.js
ERR: 非法操作:js

[ 2016-07-18T08:48:20+08:00 ] ::1 /2/QAQproject/index.php/admin/index/lib/Hui-iconfont/1.0.1/iconfont.css
ERR: 非法操作:lib

[ 2016-07-18T08:48:20+08:00 ] ::1 /2/QAQproject/index.php/admin/index/css/H-ui.min.css
ERR: 非法操作:css

[ 2016-07-18T08:48:20+08:00 ] ::1 /2/QAQproject/index.php/admin/index/css/H-ui.admin.css
ERR: 非法操作:css

[ 2016-07-18T08:48:21+08:00 ] ::1 /2/QAQproject/index.php/admin/index/skin/default/skin.css
ERR: 非法操作:skin

[ 2016-07-18T08:48:21+08:00 ] ::1 /2/QAQproject/index.php/admin/index/lib/jquery/1.9.1/jquery.min.js
ERR: 非法操作:lib

[ 2016-07-18T08:48:21+08:00 ] ::1 /2/QAQproject/index.php/admin/index/js/H-ui.js
ERR: 非法操作:js

[ 2016-07-18T08:54:49+08:00 ] ::1 /2/QAQproject/index.php/admin/index/css/H-ui.min.css
ERR: 非法操作:css

[ 2016-07-18T08:54:49+08:00 ] ::1 /2/QAQproject/index.php/admin/index/lib/Hui-iconfont/1.0.1/iconfont.css
ERR: 非法操作:lib

[ 2016-07-18T08:54:50+08:00 ] ::1 /2/QAQproject/index.php/admin/index/css/H-ui.admin.css
ERR: 非法操作:css

[ 2016-07-18T08:54:50+08:00 ] ::1 /2/QAQproject/index.php/admin/index/lib/jquery/1.9.1/jquery.min.js
ERR: 非法操作:lib

[ 2016-07-18T08:54:50+08:00 ] ::1 /2/QAQproject/index.php/admin/index/js/H-ui.js
ERR: 非法操作:js

[ 2016-07-18T08:54:51+08:00 ] ::1 /2/QAQproject/index.php/admin/index/css/H-ui.admin.css
ERR: 非法操作:css

[ 2016-07-18T08:54:51+08:00 ] ::1 /2/QAQproject/index.php/admin/index/lib/jquery/1.9.1/jquery.min.js
ERR: 非法操作:lib

[ 2016-07-18T08:54:51+08:00 ] ::1 /2/QAQproject/index.php/admin/index/skin/default/skin.css
ERR: 非法操作:skin

[ 2016-07-18T08:54:52+08:00 ] ::1 /2/QAQproject/index.php/admin/index/css/H-ui.min.css
ERR: 非法操作:css

[ 2016-07-18T08:54:52+08:00 ] ::1 /2/QAQproject/index.php/admin/index/js/H-ui.js
ERR: 非法操作:js

[ 2016-07-18T08:54:52+08:00 ] ::1 /2/QAQproject/index.php/admin/index/lib/Hui-iconfont/1.0.1/iconfont.css
ERR: 非法操作:lib

[ 2016-07-18T08:54:52+08:00 ] ::1 /2/QAQproject/index.php/admin/index/js/H-ui.js
ERR: 非法操作:js

[ 2016-07-18T08:55:19+08:00 ] ::1 /2/QAQproject/index.php/admin/index/css/H-ui.min.css
ERR: 非法操作:css

[ 2016-07-18T08:55:19+08:00 ] ::1 /2/QAQproject/index.php/admin/index/css/H-ui.admin.css
ERR: 非法操作:css

[ 2016-07-18T08:55:19+08:00 ] ::1 /2/QAQproject/index.php/admin/index/lib/jquery/1.9.1/jquery.min.js
ERR: 非法操作:lib

[ 2016-07-18T08:55:19+08:00 ] ::1 /2/QAQproject/index.php/admin/index/js/H-ui.js
ERR: 非法操作:js

[ 2016-07-18T08:55:19+08:00 ] ::1 /2/QAQproject/index.php/admin/index/lib/Hui-iconfont/1.0.1/iconfont.css
ERR: 非法操作:lib

[ 2016-07-18T08:55:19+08:00 ] ::1 /2/QAQproject/index.php/admin/index/js/H-ui.js
ERR: 非法操作:js

[ 2016-07-18T08:55:20+08:00 ] ::1 /2/QAQproject/index.php/admin/index/css/H-ui.min.css
ERR: 非法操作:css

[ 2016-07-18T08:55:20+08:00 ] ::1 /2/QAQproject/index.php/admin/index/css/H-ui.admin.css
ERR: 非法操作:css

[ 2016-07-18T08:55:20+08:00 ] ::1 /2/QAQproject/index.php/admin/index/lib/jquery/1.9.1/jquery.min.js
ERR: 非法操作:lib

[ 2016-07-18T08:55:20+08:00 ] ::1 /2/QAQproject/index.php/admin/index/lib/Hui-iconfont/1.0.1/iconfont.css
ERR: 非法操作:lib

[ 2016-07-18T08:55:20+08:00 ] ::1 /2/QAQproject/index.php/admin/index/js/H-ui.js
ERR: 非法操作:js

[ 2016-07-18T08:55:21+08:00 ] ::1 /2/QAQproject/index.php/admin/index/skin/default/skin.css
ERR: 非法操作:skin

[ 2016-07-18T08:55:21+08:00 ] ::1 /2/QAQproject/index.php/admin/index/js/H-ui.js
ERR: 非法操作:js

[ 2016-07-18T08:55:22+08:00 ] ::1 /2/QAQproject/index.php/admin/index/css/H-ui.min.css
ERR: 非法操作:css

[ 2016-07-18T08:55:22+08:00 ] ::1 /2/QAQproject/index.php/admin/index/lib/Hui-iconfont/1.0.1/iconfont.css
ERR: 非法操作:lib

[ 2016-07-18T08:55:22+08:00 ] ::1 /2/QAQproject/index.php/admin/index/css/H-ui.admin.css
ERR: 非法操作:css

[ 2016-07-18T08:55:22+08:00 ] ::1 /2/QAQproject/index.php/admin/index/js/H-ui.js
ERR: 非法操作:js

[ 2016-07-18T08:55:22+08:00 ] ::1 /2/QAQproject/index.php/admin/index/skin/default/skin.css
ERR: 非法操作:skin

[ 2016-07-18T08:55:23+08:00 ] ::1 /2/QAQproject/index.php/admin/index/lib/jquery/1.9.1/jquery.min.js
ERR: 非法操作:lib

[ 2016-07-18T08:55:23+08:00 ] ::1 /2/QAQproject/index.php/admin/index/js/H-ui.js
ERR: 非法操作:js

[ 2016-07-18T08:55:24+08:00 ] ::1 /2/QAQproject/index.php/admin/index/lib/jquery/1.9.1/jquery.min.js
ERR: 非法操作:lib

[ 2016-07-18T08:55:24+08:00 ] ::1 /2/QAQproject/index.php/admin/index/css/H-ui.min.css
ERR: 非法操作:css

[ 2016-07-18T08:55:24+08:00 ] ::1 /2/QAQproject/index.php/admin/index/js/H-ui.js
ERR: 非法操作:js

[ 2016-07-18T08:55:25+08:00 ] ::1 /2/QAQproject/index.php/admin/index/skin/default/skin.css
ERR: 非法操作:skin

[ 2016-07-18T08:55:25+08:00 ] ::1 /2/QAQproject/index.php/admin/index/lib/Hui-iconfont/1.0.1/iconfont.css
ERR: 非法操作:lib

[ 2016-07-18T08:55:25+08:00 ] ::1 /2/QAQproject/index.php/admin/index/css/H-ui.admin.css
ERR: 非法操作:css

[ 2016-07-18T08:55:25+08:00 ] ::1 /2/QAQproject/index.php/admin/index/js/H-ui.js
ERR: 非法操作:js

[ 2016-07-18T08:55:30+08:00 ] ::1 /2/QAQproject/index.php/admin/index/skin/default/skin.css
ERR: 非法操作:skin

[ 2016-07-18T08:55:30+08:00 ] ::1 /2/QAQproject/index.php/admin/index/css/H-ui.min.css
ERR: 非法操作:css

[ 2016-07-18T08:55:30+08:00 ] ::1 /2/QAQproject/index.php/admin/index/css/H-ui.admin.css
ERR: 非法操作:css

[ 2016-07-18T08:55:30+08:00 ] ::1 /2/QAQproject/index.php/admin/index/lib/Hui-iconfont/1.0.1/iconfont.css
ERR: 非法操作:lib

[ 2016-07-18T08:56:04+08:00 ] ::1 /2/QAQproject/index.php/admin/index/css/H-ui.min.css
ERR: 非法操作:css

[ 2016-07-18T08:56:04+08:00 ] ::1 /2/QAQproject/index.php/admin/index/lib/Hui-iconfont/1.0.1/iconfont.css
ERR: 非法操作:lib

[ 2016-07-18T08:56:04+08:00 ] ::1 /2/QAQproject/index.php/admin/index/lib/jquery/1.9.1/jquery.min.js
ERR: 非法操作:lib

[ 2016-07-18T08:56:05+08:00 ] ::1 /2/QAQproject/index.php/admin/index/js/H-ui.js
ERR: 非法操作:js

[ 2016-07-18T08:56:05+08:00 ] ::1 /2/QAQproject/index.php/admin/index/css/H-ui.admin.css
ERR: 非法操作:css

[ 2016-07-18T08:56:05+08:00 ] ::1 /2/QAQproject/index.php/admin/index/js/H-ui.js
ERR: 非法操作:js

[ 2016-07-18T08:56:06+08:00 ] ::1 /2/QAQproject/index.php/admin/index/css/H-ui.min.css
ERR: 非法操作:css

[ 2016-07-18T08:56:06+08:00 ] ::1 /2/QAQproject/index.php/admin/index/lib/Hui-iconfont/1.0.1/iconfont.css
ERR: 非法操作:lib

[ 2016-07-18T08:56:06+08:00 ] ::1 /2/QAQproject/index.php/admin/index/css/H-ui.admin.css
ERR: 非法操作:css

[ 2016-07-18T08:56:07+08:00 ] ::1 /2/QAQproject/index.php/admin/index/lib/jquery/1.9.1/jquery.min.js
ERR: 非法操作:lib

[ 2016-07-18T08:56:07+08:00 ] ::1 /2/QAQproject/index.php/admin/index/js/H-ui.js
ERR: 非法操作:js

[ 2016-07-18T08:56:07+08:00 ] ::1 /2/QAQproject/index.php/admin/index/skin/default/skin.css
ERR: 非法操作:skin

[ 2016-07-18T08:56:08+08:00 ] ::1 /2/QAQproject/index.php/admin/index/lib/Hui-iconfont/1.0.1/iconfont.css
ERR: 非法操作:lib

[ 2016-07-18T08:56:08+08:00 ] ::1 /2/QAQproject/index.php/admin/index/skin/default/skin.css
ERR: 非法操作:skin

[ 2016-07-18T08:56:08+08:00 ] ::1 /2/QAQproject/index.php/admin/index/lib/jquery/1.9.1/jquery.min.js
ERR: 非法操作:lib

[ 2016-07-18T08:56:08+08:00 ] ::1 /2/QAQproject/index.php/admin/index/css/H-ui.min.css
ERR: 非法操作:css

[ 2016-07-18T08:56:09+08:00 ] ::1 /2/QAQproject/index.php/admin/index/css/H-ui.admin.css
ERR: 非法操作:css

[ 2016-07-18T08:56:09+08:00 ] ::1 /2/QAQproject/index.php/admin/index/js/H-ui.js
ERR: 非法操作:js

[ 2016-07-18T08:58:49+08:00 ] ::1 /2/QAQproject/index.php/admin/index/css/H-ui.min.css
ERR: 非法操作:css

[ 2016-07-18T08:58:49+08:00 ] ::1 /2/QAQproject/index.php/admin/index/css/H-ui.admin.css
ERR: 非法操作:css

[ 2016-07-18T08:58:49+08:00 ] ::1 /2/QAQproject/index.php/admin/index/lib/Hui-iconfont/1.0.1/iconfont.css
ERR: 非法操作:lib

[ 2016-07-18T08:58:49+08:00 ] ::1 /2/QAQproject/index.php/admin/index/lib/jquery/1.9.1/jquery.min.js
ERR: 非法操作:lib

[ 2016-07-18T08:58:49+08:00 ] ::1 /2/QAQproject/index.php/admin/index/js/H-ui.js
ERR: 非法操作:js

[ 2016-07-18T08:58:49+08:00 ] ::1 /2/QAQproject/index.php/admin/index/js/H-ui.js
ERR: 非法操作:js

[ 2016-07-18T08:58:50+08:00 ] ::1 /2/QAQproject/index.php/admin/index/skin/default/skin.css
ERR: 非法操作:skin

[ 2016-07-18T08:59:30+08:00 ] ::1 /2/QAQproject/index.php/admin/index/css/H-ui.min.css
ERR: 非法操作:css

[ 2016-07-18T08:59:30+08:00 ] ::1 /2/QAQproject/index.php/admin/index/css/H-ui.admin.css
ERR: 非法操作:css

[ 2016-07-18T08:59:30+08:00 ] ::1 /2/QAQproject/index.php/admin/index/skin/default/skin.css
ERR: 非法操作:skin

[ 2016-07-18T08:59:31+08:00 ] ::1 /2/QAQproject/index.php/admin/index/lib/Hui-iconfont/1.0.1/iconfont.css
ERR: 非法操作:lib

[ 2016-07-18T08:59:31+08:00 ] ::1 /2/QAQproject/index.php/admin/index/lib/jquery/1.9.1/jquery.min.js
ERR: 非法操作:lib

[ 2016-07-18T08:59:31+08:00 ] ::1 /2/QAQproject/index.php/admin/index/js/H-ui.js
ERR: 非法操作:js

[ 2016-07-18T08:59:32+08:00 ] ::1 /2/QAQproject/index.php/admin/index/css/H-ui.admin.css
ERR: 非法操作:css

[ 2016-07-18T08:59:32+08:00 ] ::1 /2/QAQproject/index.php/admin/index/css/H-ui.min.css
ERR: 非法操作:css

[ 2016-07-18T08:59:32+08:00 ] ::1 /2/QAQproject/index.php/admin/index/lib/jquery/1.9.1/jquery.min.js
ERR: 非法操作:lib

[ 2016-07-18T08:59:32+08:00 ] ::1 /2/QAQproject/index.php/admin/index/lib/jquery/1.9.1/jquery.min.js
ERR: 非法操作:lib

[ 2016-07-18T08:59:32+08:00 ] ::1 /2/QAQproject/index.php/admin/index/skin/default/skin.css
ERR: 非法操作:skin

[ 2016-07-18T08:59:32+08:00 ] ::1 /2/QAQproject/index.php/admin/index/lib/Hui-iconfont/1.0.1/iconfont.css
ERR: 非法操作:lib

[ 2016-07-18T08:59:33+08:00 ] ::1 /2/QAQproject/index.php/admin/index/js/H-ui.js
ERR: 非法操作:js

[ 2016-07-18T08:59:34+08:00 ] ::1 /2/QAQproject/index.php/admin/index/css/H-ui.admin.css
ERR: 非法操作:css

[ 2016-07-18T08:59:34+08:00 ] ::1 /2/QAQproject/index.php/admin/index/lib/jquery/1.9.1/jquery.min.js
ERR: 非法操作:lib

[ 2016-07-18T08:59:34+08:00 ] ::1 /2/QAQproject/index.php/admin/index/css/H-ui.min.css
ERR: 非法操作:css

[ 2016-07-18T08:59:35+08:00 ] ::1 /2/QAQproject/index.php/admin/index/skin/default/skin.css
ERR: 非法操作:skin

[ 2016-07-18T08:59:35+08:00 ] ::1 /2/QAQproject/index.php/admin/index/lib/Hui-iconfont/1.0.1/iconfont.css
ERR: 非法操作:lib

[ 2016-07-18T08:59:35+08:00 ] ::1 /2/QAQproject/index.php/admin/index/js/H-ui.js
ERR: 非法操作:js

[ 2016-07-18T08:59:35+08:00 ] ::1 /2/QAQproject/index.php/admin/index/js/H-ui.js
ERR: 非法操作:js

[ 2016-07-18T08:59:37+08:00 ] ::1 /2/QAQproject/index.php/admin/index/css/H-ui.admin.css
ERR: 非法操作:css

[ 2016-07-18T08:59:37+08:00 ] ::1 /2/QAQproject/index.php/admin/index/js/H-ui.js
ERR: 非法操作:js

[ 2016-07-18T08:59:37+08:00 ] ::1 /2/QAQproject/index.php/admin/index/lib/jquery/1.9.1/jquery.min.js
ERR: 非法操作:lib

[ 2016-07-18T08:59:37+08:00 ] ::1 /2/QAQproject/index.php/admin/index/css/H-ui.min.css
ERR: 非法操作:css

[ 2016-07-18T08:59:37+08:00 ] ::1 /2/QAQproject/index.php/admin/index/skin/default/skin.css
ERR: 非法操作:skin

[ 2016-07-18T08:59:38+08:00 ] ::1 /2/QAQproject/index.php/admin/index/lib/Hui-iconfont/1.0.1/iconfont.css
ERR: 非法操作:lib

[ 2016-07-18T08:59:38+08:00 ] ::1 /2/QAQproject/index.php/admin/index/js/H-ui.js
ERR: 非法操作:js

[ 2016-07-18T08:59:41+08:00 ] ::1 /2/QAQproject/index.php/admin/index/css/H-ui.admin.css
ERR: 非法操作:css

[ 2016-07-18T08:59:41+08:00 ] ::1 /2/QAQproject/index.php/admin/index/css/H-ui.min.css
ERR: 非法操作:css

[ 2016-07-18T08:59:41+08:00 ] ::1 /2/QAQproject/index.php/admin/index/js/H-ui.js
ERR: 非法操作:js

[ 2016-07-18T08:59:41+08:00 ] ::1 /2/QAQproject/index.php/admin/index/lib/jquery/1.9.1/jquery.min.js
ERR: 非法操作:lib

[ 2016-07-18T08:59:41+08:00 ] ::1 /2/QAQproject/index.php/admin/index/lib/Hui-iconfont/1.0.1/iconfont.css
ERR: 非法操作:lib

[ 2016-07-18T08:59:41+08:00 ] ::1 /2/QAQproject/index.php/admin/index/skin/default/skin.css
ERR: 非法操作:skin

[ 2016-07-18T08:59:41+08:00 ] ::1 /2/QAQproject/index.php/admin/index/js/H-ui.js
ERR: 非法操作:js

[ 2016-07-18T09:00:21+08:00 ] ::1 /2/QAQproject/index.php/admin/index/css/H-ui.admin.css
ERR: 非法操作:css

[ 2016-07-18T09:00:21+08:00 ] ::1 /2/QAQproject/index.php/admin/index/lib/Hui-iconfont/1.0.1/iconfont.css
ERR: 非法操作:lib

[ 2016-07-18T09:00:21+08:00 ] ::1 /2/QAQproject/index.php/admin/index/css/H-ui.min.css
ERR: 非法操作:css

[ 2016-07-18T09:00:21+08:00 ] ::1 /2/QAQproject/index.php/admin/index/lib/jquery/1.9.1/jquery.min.js
ERR: 非法操作:lib

[ 2016-07-18T09:00:22+08:00 ] ::1 /2/QAQproject/index.php/admin/index/js/H-ui.js
ERR: 非法操作:js

[ 2016-07-18T09:00:22+08:00 ] ::1 /2/QAQproject/index.php/admin/index/css/H-ui.admin.css
ERR: 非法操作:css

[ 2016-07-18T09:00:22+08:00 ] ::1 /2/QAQproject/index.php/admin/index/lib/jquery/1.9.1/jquery.min.js
ERR: 非法操作:lib

[ 2016-07-18T09:00:22+08:00 ] ::1 /2/QAQproject/index.php/admin/index/css/H-ui.min.css
ERR: 非法操作:css

[ 2016-07-18T09:00:23+08:00 ] ::1 /2/QAQproject/index.php/admin/index/skin/default/skin.css
ERR: 非法操作:skin

[ 2016-07-18T09:00:23+08:00 ] ::1 /2/QAQproject/index.php/admin/index/js/H-ui.js
ERR: 非法操作:js

[ 2016-07-18T09:00:23+08:00 ] ::1 /2/QAQproject/index.php/admin/index/lib/Hui-iconfont/1.0.1/iconfont.css
ERR: 非法操作:lib

[ 2016-07-18T09:00:24+08:00 ] ::1 /2/QAQproject/index.php/admin/index/css/H-ui.admin.css
ERR: 非法操作:css

[ 2016-07-18T09:00:24+08:00 ] ::1 /2/QAQproject/index.php/admin/index/lib/Hui-iconfont/1.0.1/iconfont.css
ERR: 非法操作:lib

[ 2016-07-18T09:00:24+08:00 ] ::1 /2/QAQproject/index.php/admin/index/css/H-ui.min.css
ERR: 非法操作:css

[ 2016-07-18T09:00:24+08:00 ] ::1 /2/QAQproject/index.php/admin/index/js/H-ui.js
ERR: 非法操作:js

[ 2016-07-18T09:00:24+08:00 ] ::1 /2/QAQproject/index.php/admin/index/lib/jquery/1.9.1/jquery.min.js
ERR: 非法操作:lib

[ 2016-07-18T09:00:24+08:00 ] ::1 /2/QAQproject/index.php/admin/index/skin/default/skin.css
ERR: 非法操作:skin

[ 2016-07-18T09:00:24+08:00 ] ::1 /2/QAQproject/index.php/admin/index/js/H-ui.js
ERR: 非法操作:js

[ 2016-07-18T09:01:11+08:00 ] ::1 /2/QAQproject/index.php/admin/index/css/H-ui.min.css
ERR: 非法操作:css

[ 2016-07-18T09:01:11+08:00 ] ::1 /2/QAQproject/index.php/admin/index/lib/Hui-iconfont/1.0.1/iconfont.css
ERR: 非法操作:lib

[ 2016-07-18T09:01:11+08:00 ] ::1 /2/QAQproject/index.php/admin/index/css/H-ui.admin.css
ERR: 非法操作:css

[ 2016-07-18T09:01:11+08:00 ] ::1 /2/QAQproject/index.php/admin/index/lib/jquery/1.9.1/jquery.min.js
ERR: 非法操作:lib

[ 2016-07-18T09:01:11+08:00 ] ::1 /2/QAQproject/index.php/admin/index/js/H-ui.js
ERR: 非法操作:js

[ 2016-07-18T09:01:12+08:00 ] ::1 /2/QAQproject/index.php/admin/index/lib/jquery/1.9.1/jquery.min.js
ERR: 非法操作:lib

[ 2016-07-18T09:01:12+08:00 ] ::1 /2/QAQproject/index.php/admin/index/js/H-ui.js
ERR: 非法操作:js

[ 2016-07-18T09:01:13+08:00 ] ::1 /2/QAQproject/index.php/admin/index/css/H-ui.min.css
ERR: 非法操作:css

[ 2016-07-18T09:01:13+08:00 ] ::1 /2/QAQproject/index.php/admin/index/css/H-ui.admin.css
ERR: 非法操作:css

[ 2016-07-18T09:01:13+08:00 ] ::1 /2/QAQproject/index.php/admin/index/lib/jquery/1.9.1/jquery.min.js
ERR: 非法操作:lib

[ 2016-07-18T09:01:13+08:00 ] ::1 /2/QAQproject/index.php/admin/index/js/H-ui.js
ERR: 非法操作:js

[ 2016-07-18T09:01:13+08:00 ] ::1 /2/QAQproject/index.php/admin/index/lib/Hui-iconfont/1.0.1/iconfont.css
ERR: 非法操作:lib

[ 2016-07-18T09:01:13+08:00 ] ::1 /2/QAQproject/index.php/admin/index/js/H-ui.js
ERR: 非法操作:js

[ 2016-07-18T09:01:13+08:00 ] ::1 /2/QAQproject/index.php/admin/index/skin/default/skin.css
ERR: 非法操作:skin

[ 2016-07-18T09:02:10+08:00 ] ::1 /2/QAQproject/index.php/admin/index/css/H-ui.min.css
ERR: 非法操作:css

[ 2016-07-18T09:02:11+08:00 ] ::1 /2/QAQproject/index.php/admin/index/js/H-ui.js
ERR: 非法操作:js

[ 2016-07-18T09:02:11+08:00 ] ::1 /2/QAQproject/index.php/admin/index/skin/default/skin.css
ERR: 非法操作:skin

[ 2016-07-18T09:02:11+08:00 ] ::1 /2/QAQproject/index.php/admin/index/css/H-ui.admin.css
ERR: 非法操作:css

[ 2016-07-18T09:02:12+08:00 ] ::1 /2/QAQproject/index.php/admin/index/lib/jquery/1.9.1/jquery.min.js
ERR: 非法操作:lib

[ 2016-07-18T09:02:12+08:00 ] ::1 /2/QAQproject/index.php/admin/index/lib/Hui-iconfont/1.0.1/iconfont.css
ERR: 非法操作:lib

[ 2016-07-18T09:02:12+08:00 ] ::1 /2/QAQproject/index.php/admin/index/js/H-ui.js
ERR: 非法操作:js

[ 2016-07-18T09:02:13+08:00 ] ::1 /2/QAQproject/index.php/admin/index/css/H-ui.admin.css
ERR: 非法操作:css

[ 2016-07-18T09:02:13+08:00 ] ::1 /2/QAQproject/index.php/admin/index/lib/Hui-iconfont/1.0.1/iconfont.css
ERR: 非法操作:lib

[ 2016-07-18T09:02:14+08:00 ] ::1 /2/QAQproject/index.php/admin/index/skin/default/skin.css
ERR: 非法操作:skin

[ 2016-07-18T09:02:14+08:00 ] ::1 /2/QAQproject/index.php/admin/index/lib/jquery/1.9.1/jquery.min.js
ERR: 非法操作:lib

[ 2016-07-18T09:02:14+08:00 ] ::1 /2/QAQproject/index.php/admin/index/css/H-ui.min.css
ERR: 非法操作:css

[ 2016-07-18T09:02:15+08:00 ] ::1 /2/QAQproject/index.php/admin/index/js/H-ui.js
ERR: 非法操作:js

[ 2016-07-18T09:02:15+08:00 ] ::1 /2/QAQproject/index.php/admin/index/lib/Hui-iconfont/1.0.1/iconfont.css
ERR: 非法操作:lib

[ 2016-07-18T09:02:15+08:00 ] ::1 /2/QAQproject/index.php/admin/index/js/H-ui.js
ERR: 非法操作:js

[ 2016-07-18T09:02:15+08:00 ] ::1 /2/QAQproject/index.php/admin/index/css/H-ui.min.css
ERR: 非法操作:css

[ 2016-07-18T09:02:15+08:00 ] ::1 /2/QAQproject/index.php/admin/index/skin/default/skin.css
ERR: 非法操作:skin

[ 2016-07-18T09:02:16+08:00 ] ::1 /2/QAQproject/index.php/admin/index/css/H-ui.admin.css
ERR: 非法操作:css

[ 2016-07-18T09:02:16+08:00 ] ::1 /2/QAQproject/index.php/admin/index/lib/jquery/1.9.1/jquery.min.js
ERR: 非法操作:lib

[ 2016-07-18T09:02:16+08:00 ] ::1 /2/QAQproject/index.php/admin/index/js/H-ui.js
ERR: 非法操作:js

[ 2016-07-18T09:02:29+08:00 ] ::1 /2/QAQproject/index.php/admin/index/css/H-ui.min.css
ERR: 非法操作:css

[ 2016-07-18T09:02:29+08:00 ] ::1 /2/QAQproject/index.php/admin/index/lib/Hui-iconfont/1.0.1/iconfont.css
ERR: 非法操作:lib

[ 2016-07-18T09:02:29+08:00 ] ::1 /2/QAQproject/index.php/admin/index/js/H-ui.js
ERR: 非法操作:js

[ 2016-07-18T09:02:29+08:00 ] ::1 /2/QAQproject/index.php/admin/index/css/H-ui.admin.css
ERR: 非法操作:css

[ 2016-07-18T09:02:30+08:00 ] ::1 /2/QAQproject/index.php/admin/index/skin/default/skin.css
ERR: 非法操作:skin

[ 2016-07-18T09:02:30+08:00 ] ::1 /2/QAQproject/index.php/admin/index/lib/jquery/1.9.1/jquery.min.js
ERR: 非法操作:lib

[ 2016-07-18T09:02:31+08:00 ] ::1 /2/QAQproject/index.php/admin/index/js/H-ui.js
ERR: 非法操作:js

[ 2016-07-18T09:02:41+08:00 ] ::1 /2/QAQproject/index.php/admin/index/css/H-ui.min.css
ERR: 非法操作:css

[ 2016-07-18T09:02:41+08:00 ] ::1 /2/QAQproject/index.php/admin/index/css/H-ui.admin.css
ERR: 非法操作:css

[ 2016-07-18T09:02:41+08:00 ] ::1 /2/QAQproject/index.php/admin/index/js/H-ui.js
ERR: 非法操作:js

[ 2016-07-18T09:02:41+08:00 ] ::1 /2/QAQproject/index.php/admin/index/lib/Hui-iconfont/1.0.1/iconfont.css
ERR: 非法操作:lib

[ 2016-07-18T09:02:42+08:00 ] ::1 /2/QAQproject/index.php/admin/index/lib/jquery/1.9.1/jquery.min.js
ERR: 非法操作:lib

[ 2016-07-18T09:02:42+08:00 ] ::1 /2/QAQproject/index.php/admin/index/js/H-ui.js
ERR: 非法操作:js

[ 2016-07-18T09:02:42+08:00 ] ::1 /2/QAQproject/index.php/admin/index/skin/default/skin.css
ERR: 非法操作:skin

[ 2016-07-18T09:02:44+08:00 ] ::1 /2/QAQproject/index.php/admin/index/css/H-ui.min.css
ERR: 非法操作:css

[ 2016-07-18T09:02:44+08:00 ] ::1 /2/QAQproject/index.php/admin/index/css/H-ui.admin.css
ERR: 非法操作:css

[ 2016-07-18T09:02:44+08:00 ] ::1 /2/QAQproject/index.php/admin/index/lib/jquery/1.9.1/jquery.min.js
ERR: 非法操作:lib

[ 2016-07-18T09:02:44+08:00 ] ::1 /2/QAQproject/index.php/admin/index/lib/Hui-iconfont/1.0.1/iconfont.css
ERR: 非法操作:lib

[ 2016-07-18T09:02:44+08:00 ] ::1 /2/QAQproject/index.php/admin/index/skin/default/skin.css
ERR: 非法操作:skin

[ 2016-07-18T09:02:45+08:00 ] ::1 /2/QAQproject/index.php/admin/index/js/H-ui.js
ERR: 非法操作:js

[ 2016-07-18T09:03:19+08:00 ] ::1 /2/QAQproject/index.php/admin/index/css/H-ui.min.css
ERR: 非法操作:css

[ 2016-07-18T09:03:19+08:00 ] ::1 /2/QAQproject/index.php/admin/index/css/H-ui.admin.css
ERR: 非法操作:css

[ 2016-07-18T09:03:19+08:00 ] ::1 /2/QAQproject/index.php/admin/index/lib/Hui-iconfont/1.0.1/iconfont.css
ERR: 非法操作:lib

[ 2016-07-18T09:03:19+08:00 ] ::1 /2/QAQproject/index.php/admin/index/js/H-ui.js
ERR: 非法操作:js

[ 2016-07-18T09:03:19+08:00 ] ::1 /2/QAQproject/index.php/admin/index/lib/jquery/1.9.1/jquery.min.js
ERR: 非法操作:lib

[ 2016-07-18T09:03:19+08:00 ] ::1 /2/QAQproject/index.php/admin/index/js/H-ui.js
ERR: 非法操作:js

[ 2016-07-18T09:03:20+08:00 ] ::1 /2/QAQproject/index.php/admin/index/skin/default/skin.css
ERR: 非法操作:skin

[ 2016-07-18T09:05:06+08:00 ] ::1 /2/QAQproject/index.php/admin/index/css/H-ui.min.css
ERR: 非法操作:css

[ 2016-07-18T09:05:06+08:00 ] ::1 /2/QAQproject/index.php/admin/index/css/H-ui.admin.css
ERR: 非法操作:css

[ 2016-07-18T09:05:06+08:00 ] ::1 /2/QAQproject/index.php/admin/index/js/H-ui.js
ERR: 非法操作:js

[ 2016-07-18T09:05:06+08:00 ] ::1 /2/QAQproject/index.php/admin/index/lib/Hui-iconfont/1.0.1/iconfont.css
ERR: 非法操作:lib

[ 2016-07-18T09:05:06+08:00 ] ::1 /2/QAQproject/index.php/admin/index/lib/jquery/1.9.1/jquery.min.js
ERR: 非法操作:lib

[ 2016-07-18T09:05:06+08:00 ] ::1 /2/QAQproject/index.php/admin/index/skin/default/skin.css
ERR: 非法操作:skin

[ 2016-07-18T09:05:07+08:00 ] ::1 /2/QAQproject/index.php/admin/index/js/H-ui.js
ERR: 非法操作:js

[ 2016-07-18T09:06:10+08:00 ] ::1 /2/QAQproject/index.php/admin/index/skin/default/skin.css
ERR: 非法操作:skin

[ 2016-07-18T09:06:12+08:00 ] ::1 /2/QAQproject/index.php/admin/index/skin/default/skin.css
ERR: 非法操作:skin

[ 2016-07-18T09:08:04+08:00 ] ::1 /2/QAQproject/index.php/admin/index/skin/default/skin.css
ERR: 非法操作:skin

[ 2016-07-18T09:08:06+08:00 ] ::1 /2/QAQproject/index.php/admin/index/skin/default/skin.css
ERR: 非法操作:skin

[ 2016-07-18T09:08:08+08:00 ] ::1 /2/QAQproject/index.php/admin/index/skin/default/skin.css
ERR: 非法操作:skin

[ 2016-07-18T09:08:09+08:00 ] ::1 /2/QAQproject/index.php/admin/index/skin/default/skin.css
ERR: 非法操作:skin

[ 2016-07-18T09:08:11+08:00 ] ::1 /2/QAQproject/index.php/admin/index/skin/default/skin.css
ERR: 非法操作:skin

[ 2016-07-18T09:08:12+08:00 ] ::1 /2/QAQproject/index.php/admin/index/skin/default/skin.css
ERR: 非法操作:skin

[ 2016-07-18T09:08:13+08:00 ] ::1 /2/QAQproject/index.php/admin/index/skin/default/skin.css
ERR: 非法操作:skin

[ 2016-07-18T09:08:14+08:00 ] ::1 /2/QAQproject/index.php/admin/index/skin/default/skin.css
ERR: 非法操作:skin

[ 2016-07-18T09:08:52+08:00 ] ::1 /2/QAQproject/index.php/admin/index/skin/default/skin.css
ERR: 非法操作:skin

[ 2016-07-18T09:08:53+08:00 ] ::1 /2/QAQproject/index.php/admin/index/skin/default/skin.css
ERR: 非法操作:skin

[ 2016-07-18T09:10:48+08:00 ] ::1 /2/QAQproject/index.php/admin/index/skin/default/skin.css
ERR: 非法操作:skin

[ 2016-07-18T09:10:50+08:00 ] ::1 /2/QAQproject/index.php/admin/index/skin/default/skin.css
ERR: 非法操作:skin

[ 2016-07-18T09:10:52+08:00 ] ::1 /2/QAQproject/index.php/admin/index/skin/default/skin.css
ERR: 非法操作:skin

[ 2016-07-18T09:10:55+08:00 ] ::1 /2/QAQproject/index.php/admin/index/skin/default/skin.css
ERR: 非法操作:skin

[ 2016-07-18T09:11:50+08:00 ] ::1 /2/QAQproject/index.php/admin/index/skin/default/skin.css
ERR: 非法操作:skin

[ 2016-07-18T09:12:59+08:00 ] ::1 /2/QAQproject/index.php/admin/index/skin/default/skin.css
ERR: 非法操作:skin

[ 2016-07-18T09:13:01+08:00 ] ::1 /2/QAQproject/index.php/admin/index/skin/default/skin.css
ERR: 非法操作:skin

[ 2016-07-18T09:15:45+08:00 ] ::1 /2/QAQproject/index.php/admin/index/skin/default/skin.css
ERR: 非法操作:skin

[ 2016-07-18T09:16:37+08:00 ] ::1 /2/QAQproject/index.php/admin/index/skin/default/skin.css
ERR: 非法操作:skin

[ 2016-07-18T09:16:39+08:00 ] ::1 /2/QAQproject/index.php/admin/index/skin/default/skin.css
ERR: 非法操作:skin

[ 2016-07-18T09:16:42+08:00 ] ::1 /2/QAQproject/index.php/admin/index/skin/default/skin.css
ERR: 非法操作:skin

[ 2016-07-18T09:17:39+08:00 ] ::1 /2/QAQproject/index.php/admin/index/skin/default/skin.css
ERR: 非法操作:skin

[ 2016-07-18T09:17:52+08:00 ] ::1 /2/QAQproject/index.php/admin/index/skin/default/skin.css
ERR: 非法操作:skin

[ 2016-07-18T09:18:49+08:00 ] ::1 /2/QAQproject/index.php/admin/index/skin/default/skin.css
ERR: 非法操作:skin

[ 2016-07-18T09:30:44+08:00 ] ::1 /2/QAQproject/index.php/admin/index/skin/default/skin.css
ERR: 非法操作:skin

[ 2016-07-18T09:30:46+08:00 ] ::1 /2/QAQproject/index.php/admin/index/skin/default/skin.css
ERR: 非法操作:skin

[ 2016-07-18T09:31:45+08:00 ] ::1 /2/QAQproject/index.php/admin/index/skin/default/skin.css
ERR: 非法操作:skin

[ 2016-07-18T09:32:40+08:00 ] ::1 /2/QAQproject/index.php/admin/index/skin/default/skin.css
ERR: 非法操作:skin

[ 2016-07-18T09:32:58+08:00 ] ::1 /2/QAQproject/index.php/admin/index/css/H-ui.min.css
ERR: 非法操作:css

[ 2016-07-18T09:32:58+08:00 ] ::1 /2/QAQproject/index.php/admin/index/css/H-ui.admin.css
ERR: 非法操作:css

[ 2016-07-18T09:32:58+08:00 ] ::1 /2/QAQproject/index.php/admin/index/lib/laypage/1.2/laypage.js
ERR: 非法操作:lib

[ 2016-07-18T09:32:58+08:00 ] ::1 /2/QAQproject/index.php/admin/index/lib/datatables/1.10.0/jquery.dataTables.min.js
ERR: 非法操作:lib

[ 2016-07-18T09:32:58+08:00 ] ::1 /2/QAQproject/index.php/admin/index/js/H-ui.js
ERR: 非法操作:js

[ 2016-07-18T09:32:58+08:00 ] ::1 /2/QAQproject/index.php/admin/index/js/H-ui.admin.js
ERR: 非法操作:js

[ 2016-07-18T09:32:58+08:00 ] ::1 /2/QAQproject/index.php/admin/index/js/H-ui.admin.product.js
ERR: 非法操作:js

[ 2016-07-18T09:32:58+08:00 ] ::1 /2/QAQproject/index.php/admin/index/temp/brand/dongpeng.jpeg
ERR: 非法操作:temp

[ 2016-07-18T09:32:59+08:00 ] ::1 /2/QAQproject/index.php/admin/index/css/style.css
ERR: 非法操作:css

[ 2016-07-18T09:32:59+08:00 ] ::1 /2/QAQproject/index.php/admin/index/lib/layer/1.9.3/layer.js
ERR: 非法操作:lib

[ 2016-07-18T09:32:59+08:00 ] ::1 /2/QAQproject/index.php/admin/index/lib/My97DatePicker/WdatePicker.js
ERR: 非法操作:lib

[ 2016-07-18T09:33:00+08:00 ] ::1 /2/QAQproject/index.php/admin/index/lib/jquery/1.9.1/jquery.min.js
ERR: 非法操作:lib

[ 2016-07-18T09:33:00+08:00 ] ::1 /2/QAQproject/index.php/admin/index/lib/Hui-iconfont/1.0.1/iconfont.css
ERR: 非法操作:lib

[ 2016-07-18T09:33:00+08:00 ] ::1 /2/QAQproject/index.php/admin/index/lib/layer/1.9.3/layer.js
ERR: 非法操作:lib

[ 2016-07-18T09:33:00+08:00 ] ::1 /2/QAQproject/index.php/admin/index/lib/laypage/1.2/laypage.js
ERR: 非法操作:lib

[ 2016-07-18T09:33:01+08:00 ] ::1 /2/QAQproject/index.php/admin/index/lib/My97DatePicker/WdatePicker.js
ERR: 非法操作:lib

[ 2016-07-18T09:33:01+08:00 ] ::1 /2/QAQproject/index.php/admin/index/lib/datatables/1.10.0/jquery.dataTables.min.js
ERR: 非法操作:lib

[ 2016-07-18T09:33:01+08:00 ] ::1 /2/QAQproject/index.php/admin/index/js/H-ui.js
ERR: 非法操作:js

[ 2016-07-18T09:33:01+08:00 ] ::1 /2/QAQproject/index.php/admin/index/js/H-ui.admin.js
ERR: 非法操作:js

[ 2016-07-18T09:33:01+08:00 ] ::1 /2/QAQproject/index.php/admin/index/js/H-ui.admin.product.js
ERR: 非法操作:js

[ 2016-07-18T09:33:49+08:00 ] ::1 /2/QAQproject/index.php/admin/index/skin/default/skin.css
ERR: 非法操作:skin

[ 2016-07-18T09:33:52+08:00 ] ::1 /2/QAQproject/index.php/admin/index/skin/default/skin.css
ERR: 非法操作:skin

[ 2016-07-18T09:39:41+08:00 ] ::1 /2/QAQproject/index.php/admin/index/skin/default/skin.css
ERR: 非法操作:skin

[ 2016-07-18T09:40:05+08:00 ] ::1 /2/QAQproject/index.php/admin/index/css/H-ui.min.css
ERR: 非法操作:css

[ 2016-07-18T09:40:05+08:00 ] ::1 /2/QAQproject/index.php/admin/index/js/H-ui.admin.js
ERR: 非法操作:js

[ 2016-07-18T09:40:06+08:00 ] ::1 /2/QAQproject/index.php/admin/index/lib/Highcharts/4.1.7/js/highcharts.js
ERR: 非法操作:lib

[ 2016-07-18T09:40:06+08:00 ] ::1 /2/QAQproject/index.php/admin/index/lib/Highcharts/4.1.7/js/modules/exporting.js
ERR: 非法操作:lib

[ 2016-07-18T09:40:06+08:00 ] ::1 /2/QAQproject/index.php/admin/index/lib/jquery/1.9.1/jquery.min.js
ERR: 非法操作:lib

[ 2016-07-18T09:40:06+08:00 ] ::1 /2/QAQproject/index.php/admin/index/css/H-ui.admin.css
ERR: 非法操作:css

[ 2016-07-18T09:40:07+08:00 ] ::1 /2/QAQproject/index.php/admin/index/lib/Hui-iconfont/1.0.1/iconfont.css
ERR: 非法操作:lib

[ 2016-07-18T09:40:07+08:00 ] ::1 /2/QAQproject/index.php/admin/index/js/H-ui.js
ERR: 非法操作:js

[ 2016-07-18T09:40:07+08:00 ] ::1 /2/QAQproject/index.php/admin/index/lib/layer/1.9.3/layer.js
ERR: 非法操作:lib

[ 2016-07-18T09:40:07+08:00 ] ::1 /2/QAQproject/index.php/admin/index/js/H-ui.js
ERR: 非法操作:js

[ 2016-07-18T09:40:07+08:00 ] ::1 /2/QAQproject/index.php/admin/index/js/H-ui.admin.js
ERR: 非法操作:js

[ 2016-07-18T09:40:07+08:00 ] ::1 /2/QAQproject/index.php/admin/index/lib/Highcharts/4.1.7/js/highcharts.js
ERR: 非法操作:lib

[ 2016-07-18T09:40:07+08:00 ] ::1 /2/QAQproject/index.php/admin/index/lib/Highcharts/4.1.7/js/modules/exporting.js
ERR: 非法操作:lib

[ 2016-07-18T09:41:02+08:00 ] ::1 /2/QAQproject/index.php/admin/index/skin/default/skin.css
ERR: 非法操作:skin

[ 2016-07-18T09:42:53+08:00 ] ::1 /2/QAQproject/index.php/admin/index/skin/default/skin.css
ERR: 非法操作:skin

[ 2016-07-18T09:43:04+08:00 ] ::1 /2/QAQproject/index.php/admin/index/css/H-ui.min.css
ERR: 非法操作:css

[ 2016-07-18T09:43:04+08:00 ] ::1 /2/QAQproject/index.php/admin/index/css/H-ui.admin.css
ERR: 非法操作:css

[ 2016-07-18T09:43:04+08:00 ] ::1 /2/QAQproject/index.php/admin/index/lib/Hui-iconfont/1.0.1/iconfont.css
ERR: 非法操作:lib

[ 2016-07-18T09:43:04+08:00 ] ::1 /2/QAQproject/index.php/admin/index/lib/layer/1.9.3/layer.js
ERR: 非法操作:lib

[ 2016-07-18T09:43:04+08:00 ] ::1 /2/QAQproject/index.php/admin/index/lib/Highcharts/4.1.7/js/highcharts.js
ERR: 非法操作:lib

[ 2016-07-18T09:43:04+08:00 ] ::1 /2/QAQproject/index.php/admin/index/lib/Highcharts/4.1.7/js/highcharts-3d.js
ERR: 非法操作:lib

[ 2016-07-18T09:43:04+08:00 ] ::1 /2/QAQproject/index.php/admin/index/lib/Highcharts/4.1.7/js/modules/exporting.js
ERR: 非法操作:lib

[ 2016-07-18T09:43:05+08:00 ] ::1 /2/QAQproject/index.php/admin/index/js/H-ui.js
ERR: 非法操作:js

[ 2016-07-18T09:43:05+08:00 ] ::1 /2/QAQproject/index.php/admin/index/js/H-ui.admin.js
ERR: 非法操作:js

[ 2016-07-18T09:43:05+08:00 ] ::1 /2/QAQproject/index.php/admin/index/lib/jquery/1.9.1/jquery.min.js
ERR: 非法操作:lib

[ 2016-07-18T09:43:05+08:00 ] ::1 /2/QAQproject/index.php/admin/index/lib/layer/1.9.3/layer.js
ERR: 非法操作:lib

[ 2016-07-18T09:43:05+08:00 ] ::1 /2/QAQproject/index.php/admin/index/js/H-ui.js
ERR: 非法操作:js

[ 2016-07-18T09:43:05+08:00 ] ::1 /2/QAQproject/index.php/admin/index/js/H-ui.admin.js
ERR: 非法操作:js

[ 2016-07-18T09:43:05+08:00 ] ::1 /2/QAQproject/index.php/admin/index/lib/Highcharts/4.1.7/js/highcharts.js
ERR: 非法操作:lib

[ 2016-07-18T09:43:05+08:00 ] ::1 /2/QAQproject/index.php/admin/index/lib/Highcharts/4.1.7/js/modules/exporting.js
ERR: 非法操作:lib

[ 2016-07-18T09:43:05+08:00 ] ::1 /2/QAQproject/index.php/admin/index/lib/Highcharts/4.1.7/js/highcharts-3d.js
ERR: 非法操作:lib

[ 2016-07-18T09:43:44+08:00 ] ::1 /2/QAQproject/index.php/admin/index/skin/default/skin.css
ERR: 非法操作:skin

[ 2016-07-18T09:44:44+08:00 ] ::1 /2/QAQproject/index.php/admin/index/skin/default/skin.css
ERR: 非法操作:skin

[ 2016-07-18T09:44:57+08:00 ] ::1 /2/QAQproject/index.php/admin/index/css/H-ui.min.css
ERR: 非法操作:css

[ 2016-07-18T09:44:57+08:00 ] ::1 /2/QAQproject/index.php/admin/index/css/H-ui.admin.css
ERR: 非法操作:css

[ 2016-07-18T09:44:57+08:00 ] ::1 /2/QAQproject/index.php/admin/index/lib/Validform/5.3.2/Validform.min.js
ERR: 非法操作:lib

[ 2016-07-18T09:44:57+08:00 ] ::1 /2/QAQproject/index.php/admin/index/lib/jquery/1.9.1/jquery.min.js
ERR: 非法操作:lib

[ 2016-07-18T09:44:57+08:00 ] ::1 /2/QAQproject/index.php/admin/index/css/style.css
ERR: 非法操作:css

[ 2016-07-18T09:44:57+08:00 ] ::1 /2/QAQproject/index.php/admin/index/js/H-ui.js
ERR: 非法操作:js

[ 2016-07-18T09:44:57+08:00 ] ::1 /2/QAQproject/index.php/admin/index/js/H-ui.admin.js
ERR: 非法操作:js

[ 2016-07-18T09:44:57+08:00 ] ::1 /2/QAQproject/index.php/admin/index/lib/Hui-iconfont/1.0.1/iconfont.css
ERR: 非法操作:lib

[ 2016-07-18T09:44:57+08:00 ] ::1 /2/QAQproject/index.php/admin/index/js/H-ui.admin.system.js
ERR: 非法操作:js

[ 2016-07-18T09:44:57+08:00 ] ::1 /2/QAQproject/index.php/admin/index/lib/layer/1.9.3/layer.js
ERR: 非法操作:lib

[ 2016-07-18T09:44:57+08:00 ] ::1 /2/QAQproject/index.php/admin/index/lib/Validform/5.3.2/Validform.min.js
ERR: 非法操作:lib

[ 2016-07-18T09:44:58+08:00 ] ::1 /2/QAQproject/index.php/admin/index/lib/layer/1.9.3/layer.js
ERR: 非法操作:lib

[ 2016-07-18T09:44:58+08:00 ] ::1 /2/QAQproject/index.php/admin/index/lib/laypage/1.2/laypage.js
ERR: 非法操作:lib

[ 2016-07-18T09:44:58+08:00 ] ::1 /2/QAQproject/index.php/admin/index/js/H-ui.js
ERR: 非法操作:js

[ 2016-07-18T09:44:59+08:00 ] ::1 /2/QAQproject/index.php/admin/index/js/H-ui.admin.js
ERR: 非法操作:js

[ 2016-07-18T09:44:59+08:00 ] ::1 /2/QAQproject/index.php/admin/index/css/H-ui.min.css
ERR: 非法操作:css

[ 2016-07-18T09:44:59+08:00 ] ::1 /2/QAQproject/index.php/admin/index/css/H-ui.admin.css
ERR: 非法操作:css

[ 2016-07-18T09:44:59+08:00 ] ::1 /2/QAQproject/index.php/admin/index/css/style.css
ERR: 非法操作:css

[ 2016-07-18T09:44:59+08:00 ] ::1 /2/QAQproject/index.php/admin/index/lib/jquery/1.9.1/jquery.min.js
ERR: 非法操作:lib

[ 2016-07-18T09:44:59+08:00 ] ::1 /2/QAQproject/index.php/admin/index/js/H-ui.admin.system.js
ERR: 非法操作:js

[ 2016-07-18T09:44:59+08:00 ] ::1 /2/QAQproject/index.php/admin/index/lib/datatables/1.10.0/jquery.dataTables.min.js
ERR: 非法操作:lib

[ 2016-07-18T09:44:59+08:00 ] ::1 /2/QAQproject/index.php/admin/index/js/H-ui.admin.js
ERR: 非法操作:js

[ 2016-07-18T09:44:59+08:00 ] ::1 /2/QAQproject/index.php/admin/index/js/H-ui.js
ERR: 非法操作:js

[ 2016-07-18T09:45:00+08:00 ] ::1 /2/QAQproject/index.php/admin/index/lib/Validform/5.3.2/Validform.min.js
ERR: 非法操作:lib

[ 2016-07-18T09:45:00+08:00 ] ::1 /2/QAQproject/index.php/admin/index/lib/layer/1.9.3/layer.js
ERR: 非法操作:lib

[ 2016-07-18T09:45:00+08:00 ] ::1 /2/QAQproject/index.php/admin/index/lib/Hui-iconfont/1.0.1/iconfont.css
ERR: 非法操作:lib

[ 2016-07-18T09:45:00+08:00 ] ::1 /2/QAQproject/index.php/admin/index/lib/Validform/5.3.2/Validform.min.js
ERR: 非法操作:lib

[ 2016-07-18T09:45:00+08:00 ] ::1 /2/QAQproject/index.php/admin/index/lib/layer/1.9.3/layer.js
ERR: 非法操作:lib

[ 2016-07-18T09:45:00+08:00 ] ::1 /2/QAQproject/index.php/admin/index/css/H-ui.min.css
ERR: 非法操作:css

[ 2016-07-18T09:45:00+08:00 ] ::1 /2/QAQproject/index.php/admin/index/lib/Hui-iconfont/1.0.1/iconfont.css
ERR: 非法操作:lib

[ 2016-07-18T09:45:00+08:00 ] ::1 /2/QAQproject/index.php/admin/index/css/H-ui.admin.css
ERR: 非法操作:css

[ 2016-07-18T09:45:00+08:00 ] ::1 /2/QAQproject/index.php/admin/index/lib/jquery/1.9.1/jquery.min.js
ERR: 非法操作:lib

[ 2016-07-18T09:45:00+08:00 ] ::1 /2/QAQproject/index.php/admin/index/lib/laypage/1.2/laypage.js
ERR: 非法操作:lib

[ 2016-07-18T09:45:00+08:00 ] ::1 /2/QAQproject/index.php/admin/index/lib/Validform/5.3.2/Validform.min.js
ERR: 非法操作:lib

[ 2016-07-18T09:45:00+08:00 ] ::1 /2/QAQproject/index.php/admin/index/js/H-ui.admin.system.js
ERR: 非法操作:js

[ 2016-07-18T09:45:00+08:00 ] ::1 /2/QAQproject/index.php/admin/index/lib/datatables/1.10.0/jquery.dataTables.min.js
ERR: 非法操作:lib

[ 2016-07-18T09:45:01+08:00 ] ::1 /2/QAQproject/index.php/admin/index/css/style.css
ERR: 非法操作:css

[ 2016-07-18T09:45:01+08:00 ] ::1 /2/QAQproject/index.php/admin/index/lib/Validform/5.3.2/Validform.min.js
ERR: 非法操作:lib

[ 2016-07-18T09:45:01+08:00 ] ::1 /2/QAQproject/index.php/admin/index/js/H-ui.js
ERR: 非法操作:js

[ 2016-07-18T09:45:01+08:00 ] ::1 /2/QAQproject/index.php/admin/index/js/H-ui.admin.js
ERR: 非法操作:js

[ 2016-07-18T09:45:01+08:00 ] ::1 /2/QAQproject/index.php/admin/index/lib/layer/1.9.3/layer.js
ERR: 非法操作:lib

[ 2016-07-18T09:45:01+08:00 ] ::1 /2/QAQproject/index.php/admin/index/lib/laypage/1.2/laypage.js
ERR: 非法操作:lib

[ 2016-07-18T09:45:01+08:00 ] ::1 /2/QAQproject/index.php/admin/index/js/H-ui.js
ERR: 非法操作:js

[ 2016-07-18T09:45:01+08:00 ] ::1 /2/QAQproject/index.php/admin/index/js/H-ui.admin.js
ERR: 非法操作:js

[ 2016-07-18T09:45:01+08:00 ] ::1 /2/QAQproject/index.php/admin/index/js/H-ui.admin.system.js
ERR: 非法操作:js

[ 2016-07-18T09:45:01+08:00 ] ::1 /2/QAQproject/index.php/admin/index/css/H-ui.admin.css
ERR: 非法操作:css

[ 2016-07-18T09:45:01+08:00 ] ::1 /2/QAQproject/index.php/admin/index/css/H-ui.min.css
ERR: 非法操作:css

[ 2016-07-18T09:45:01+08:00 ] ::1 /2/QAQproject/index.php/admin/index/lib/icheck/icheck.css
ERR: 非法操作:lib

[ 2016-07-18T09:45:01+08:00 ] ::1 /2/QAQproject/index.php/admin/index/lib/Validform/5.3.2/Validform.min.js
ERR: 非法操作:lib

[ 2016-07-18T09:45:01+08:00 ] ::1 /2/QAQproject/index.php/admin/index/js/H-ui.admin.js
ERR: 非法操作:js

[ 2016-07-18T09:45:01+08:00 ] ::1 /2/QAQproject/index.php/admin/index/lib/icheck/jquery.icheck.min.js
ERR: 非法操作:lib

[ 2016-07-18T09:45:01+08:00 ] ::1 /2/QAQproject/index.php/admin/index/lib/jquery/1.9.1/jquery.min.js
ERR: 非法操作:lib

[ 2016-07-18T09:45:01+08:00 ] ::1 /2/QAQproject/index.php/admin/index/js/H-ui.js
ERR: 非法操作:js

[ 2016-07-18T09:45:02+08:00 ] ::1 /2/QAQproject/index.php/admin/index/lib/Hui-iconfont/1.0.1/iconfont.css
ERR: 非法操作:lib

[ 2016-07-18T09:45:02+08:00 ] ::1 /2/QAQproject/index.php/admin/index/lib/layer/1.9.3/layer.js
ERR: 非法操作:lib

[ 2016-07-18T09:45:02+08:00 ] ::1 /2/QAQproject/index.php/admin/index/lib/Validform/5.3.2/Validform.min.js
ERR: 非法操作:lib

[ 2016-07-18T09:45:03+08:00 ] ::1 /2/QAQproject/index.php/admin/index/lib/layer/1.9.3/layer.js
ERR: 非法操作:lib

[ 2016-07-18T09:45:03+08:00 ] ::1 /2/QAQproject/index.php/admin/index/lib/icheck/jquery.icheck.min.js
ERR: 非法操作:lib

[ 2016-07-18T09:45:03+08:00 ] ::1 /2/QAQproject/index.php/admin/index/js/H-ui.js
ERR: 非法操作:js

[ 2016-07-18T09:45:03+08:00 ] ::1 /2/QAQproject/index.php/admin/index/js/H-ui.admin.js
ERR: 非法操作:js

[ 2016-07-18T09:46:46+08:00 ] ::1 /2/QAQproject/index.php/admin/index/skin/default/skin.css
ERR: 非法操作:skin

[ 2016-07-18T09:46:47+08:00 ] ::1 /2/QAQproject/index.php/admin/index/skin/default/skin.css
ERR: 非法操作:skin

[ 2016-07-18T09:47:34+08:00 ] ::1 /2/QAQproject/index.php/admin/index/skin/default/skin.css
ERR: 非法操作:skin

[ 2016-07-18T09:48:17+08:00 ] ::1 /2/QAQproject/index.php/admin/index/skin/default/skin.css
ERR: 非法操作:skin

[ 2016-07-18T09:48:18+08:00 ] ::1 /2/QAQproject/index.php/admin/index/skin/default/skin.css
ERR: 非法操作:skin

[ 2016-07-18T09:48:19+08:00 ] ::1 /2/QAQproject/index.php/admin/index/skin/default/skin.css
ERR: 非法操作:skin

[ 2016-07-18T09:48:37+08:00 ] ::1 /2/QAQproject/index.php/admin/index/skin/default/skin.css
ERR: 非法操作:skin

[ 2016-07-18T09:49:15+08:00 ] ::1 /2/QAQproject/index.php/admin/index/skin/default/skin.css
ERR: 非法操作:skin

[ 2016-07-18T09:49:16+08:00 ] ::1 /2/QAQproject/index.php/admin/index/skin/default/skin.css
ERR: 非法操作:skin

[ 2016-07-18T09:49:20+08:00 ] ::1 /2/QAQproject/index.php/admin/index/css/H-ui.admin.css
ERR: 非法操作:css

[ 2016-07-18T09:49:20+08:00 ] ::1 /2/QAQproject/index.php/admin/index/lib/layer/1.9.3/layer.js
ERR: 非法操作:lib

[ 2016-07-18T09:49:20+08:00 ] ::1 /2/QAQproject/index.php/admin/index/temp/brand/dongpeng.jpeg
ERR: 非法操作:temp

[ 2016-07-18T09:49:20+08:00 ] ::1 /2/QAQproject/index.php/admin/index/lib/My97DatePicker/WdatePicker.js
ERR: 非法操作:lib

[ 2016-07-18T09:49:20+08:00 ] ::1 /2/QAQproject/index.php/admin/index/lib/datatables/1.10.0/jquery.dataTables.min.js
ERR: 非法操作:lib

[ 2016-07-18T09:49:20+08:00 ] ::1 /2/QAQproject/index.php/admin/index/js/H-ui.js
ERR: 非法操作:js

[ 2016-07-18T09:49:20+08:00 ] ::1 /2/QAQproject/index.php/admin/index/js/H-ui.admin.js
ERR: 非法操作:js

[ 2016-07-18T09:49:20+08:00 ] ::1 /2/QAQproject/index.php/admin/index/js/H-ui.admin.product.js
ERR: 非法操作:js

[ 2016-07-18T09:49:21+08:00 ] ::1 /2/QAQproject/index.php/admin/index/css/H-ui.min.css
ERR: 非法操作:css

[ 2016-07-18T09:49:21+08:00 ] ::1 /2/QAQproject/index.php/admin/index/lib/Hui-iconfont/1.0.1/iconfont.css
ERR: 非法操作:lib

[ 2016-07-18T09:49:21+08:00 ] ::1 /2/QAQproject/index.php/admin/index/lib/laypage/1.2/laypage.js
ERR: 非法操作:lib

[ 2016-07-18T09:49:21+08:00 ] ::1 /2/QAQproject/index.php/admin/index/css/style.css
ERR: 非法操作:css

[ 2016-07-18T09:49:21+08:00 ] ::1 /2/QAQproject/index.php/admin/index/lib/jquery/1.9.1/jquery.min.js
ERR: 非法操作:lib

[ 2016-07-18T09:49:21+08:00 ] ::1 /2/QAQproject/index.php/admin/index/lib/layer/1.9.3/layer.js
ERR: 非法操作:lib

[ 2016-07-18T09:49:21+08:00 ] ::1 /2/QAQproject/index.php/admin/index/lib/laypage/1.2/laypage.js
ERR: 非法操作:lib

[ 2016-07-18T09:49:21+08:00 ] ::1 /2/QAQproject/index.php/admin/index/lib/My97DatePicker/WdatePicker.js
ERR: 非法操作:lib

[ 2016-07-18T09:49:21+08:00 ] ::1 /2/QAQproject/index.php/admin/index/lib/datatables/1.10.0/jquery.dataTables.min.js
ERR: 非法操作:lib

[ 2016-07-18T09:49:21+08:00 ] ::1 /2/QAQproject/index.php/admin/index/js/H-ui.js
ERR: 非法操作:js

[ 2016-07-18T09:49:21+08:00 ] ::1 /2/QAQproject/index.php/admin/index/js/H-ui.admin.js
ERR: 非法操作:js

[ 2016-07-18T09:49:21+08:00 ] ::1 /2/QAQproject/index.php/admin/index/js/H-ui.admin.product.js
ERR: 非法操作:js

[ 2016-07-18T09:49:24+08:00 ] ::1 /2/QAQproject/index.php/admin/index/css/H-ui.min.css
ERR: 非法操作:css

[ 2016-07-18T09:49:24+08:00 ] ::1 /2/QAQproject/index.php/admin/index/css/H-ui.admin.css
ERR: 非法操作:css

[ 2016-07-18T09:49:24+08:00 ] ::1 /2/QAQproject/index.php/admin/index/lib/Hui-iconfont/1.0.1/iconfont.css
ERR: 非法操作:lib

[ 2016-07-18T09:49:24+08:00 ] ::1 /2/QAQproject/index.php/admin/index/css/style.css
ERR: 非法操作:css

[ 2016-07-18T09:49:24+08:00 ] ::1 /2/QAQproject/index.php/admin/index/lib/zTree/v3/css/zTreeStyle/zTreeStyle.css
ERR: 非法操作:lib

[ 2016-07-18T09:49:24+08:00 ] ::1 /2/QAQproject/index.php/admin/index/js/H-ui.admin.js
ERR: 非法操作:js

[ 2016-07-18T09:49:24+08:00 ] ::1 /2/QAQproject/index.php/admin/index/js/H-ui.js
ERR: 非法操作:js

[ 2016-07-18T09:49:24+08:00 ] ::1 /2/QAQproject/index.php/admin/index/css/H-ui.min.css
ERR: 非法操作:css

[ 2016-07-18T09:49:24+08:00 ] ::1 /2/QAQproject/index.php/admin/index/css/H-ui.admin.css
ERR: 非法操作:css

[ 2016-07-18T09:49:24+08:00 ] ::1 /2/QAQproject/index.php/admin/index/lib/icheck/jquery.icheck.min.js
ERR: 非法操作:lib

[ 2016-07-18T09:49:24+08:00 ] ::1 /2/QAQproject/index.php/admin/index/lib/Hui-iconfont/1.0.1/iconfont.css
ERR: 非法操作:lib

[ 2016-07-18T09:49:24+08:00 ] ::1 /2/QAQproject/index.php/admin/index/lib/Validform/5.3.2/Validform.min.js
ERR: 非法操作:lib

[ 2016-07-18T09:49:24+08:00 ] ::1 /2/QAQproject/index.php/admin/index/js/H-ui.js
ERR: 非法操作:js

[ 2016-07-18T09:49:24+08:00 ] ::1 /2/QAQproject/index.php/admin/index/lib/icheck/icheck.css
ERR: 非法操作:lib

[ 2016-07-18T09:49:24+08:00 ] ::1 /2/QAQproject/index.php/admin/index/js/H-ui.admin.js
ERR: 非法操作:js

[ 2016-07-18T09:49:25+08:00 ] ::1 /2/QAQproject/index.php/admin/index/lib/jquery/1.9.1/jquery.min.js
ERR: 非法操作:lib

[ 2016-07-18T09:49:25+08:00 ] ::1 /2/QAQproject/index.php/admin/index/lib/layer/1.9.3/layer.js
ERR: 非法操作:lib

[ 2016-07-18T09:49:25+08:00 ] ::1 /2/QAQproject/index.php/admin/index/lib/zTree/v3/js/jquery.ztree.all-3.5.min.js
ERR: 非法操作:lib

[ 2016-07-18T09:49:25+08:00 ] ::1 /2/QAQproject/index.php/admin/index/js/H-ui.js
ERR: 非法操作:js

[ 2016-07-18T09:49:25+08:00 ] ::1 /2/QAQproject/index.php/admin/index/lib/icheck/jquery.icheck.min.js
ERR: 非法操作:lib

[ 2016-07-18T09:49:25+08:00 ] ::1 /2/QAQproject/index.php/admin/index/js/H-ui.admin.js
ERR: 非法操作:js

[ 2016-07-18T09:49:25+08:00 ] ::1 /2/QAQproject/index.php/admin/index/lib/Validform/5.3.2/Validform.min.js
ERR: 非法操作:lib

[ 2016-07-18T09:49:25+08:00 ] ::1 /2/QAQproject/index.php/admin/index/lib/layer/1.9.3/layer.js
ERR: 非法操作:lib

[ 2016-07-18T09:49:25+08:00 ] ::1 /2/QAQproject/index.php/admin/index/js/H-ui.js
ERR: 非法操作:js

[ 2016-07-18T09:49:25+08:00 ] ::1 /2/QAQproject/index.php/admin/index/js/H-ui.admin.js
ERR: 非法操作:js

[ 2016-07-18T09:50:12+08:00 ] ::1 /2/QAQproject/index.php/admin/index/skin/default/skin.css
ERR: 非法操作:skin

[ 2016-07-18T09:50:13+08:00 ] ::1 /2/QAQproject/index.php/admin/index/css/H-ui.min.css
ERR: 非法操作:css

[ 2016-07-18T09:50:13+08:00 ] ::1 /2/QAQproject/index.php/admin/index/css/style.css
ERR: 非法操作:css

[ 2016-07-18T09:50:13+08:00 ] ::1 /2/QAQproject/index.php/admin/index/css/H-ui.admin.css
ERR: 非法操作:css

[ 2016-07-18T09:50:13+08:00 ] ::1 /2/QAQproject/index.php/admin/index/lib/jquery/1.9.1/jquery.min.js
ERR: 非法操作:lib

[ 2016-07-18T09:50:13+08:00 ] ::1 /2/QAQproject/index.php/admin/index/lib/layer/1.9.3/layer.js
ERR: 非法操作:lib

[ 2016-07-18T09:50:13+08:00 ] ::1 /2/QAQproject/index.php/admin/index/lib/datatables/1.10.0/jquery.dataTables.min.js
ERR: 非法操作:lib

[ 2016-07-18T09:50:13+08:00 ] ::1 /2/QAQproject/index.php/admin/index/lib/laypage/1.2/laypage.js
ERR: 非法操作:lib

[ 2016-07-18T09:50:13+08:00 ] ::1 /2/QAQproject/index.php/admin/index/lib/My97DatePicker/WdatePicker.js
ERR: 非法操作:lib

[ 2016-07-18T09:50:13+08:00 ] ::1 /2/QAQproject/index.php/admin/index/js/H-ui.admin.js
ERR: 非法操作:js

[ 2016-07-18T09:50:13+08:00 ] ::1 /2/QAQproject/index.php/admin/index/js/H-ui.admin.product.js
ERR: 非法操作:js

[ 2016-07-18T09:50:14+08:00 ] ::1 /2/QAQproject/index.php/admin/index/lib/Hui-iconfont/1.0.1/iconfont.css
ERR: 非法操作:lib

[ 2016-07-18T09:50:14+08:00 ] ::1 /2/QAQproject/index.php/admin/index/temp/brand/dongpeng.jpeg
ERR: 非法操作:temp

[ 2016-07-18T09:50:14+08:00 ] ::1 /2/QAQproject/index.php/admin/index/lib/layer/1.9.3/layer.js
ERR: 非法操作:lib

[ 2016-07-18T09:50:14+08:00 ] ::1 /2/QAQproject/index.php/admin/index/js/H-ui.js
ERR: 非法操作:js

[ 2016-07-18T09:50:14+08:00 ] ::1 /2/QAQproject/index.php/admin/index/lib/laypage/1.2/laypage.js
ERR: 非法操作:lib

[ 2016-07-18T09:50:14+08:00 ] ::1 /2/QAQproject/index.php/admin/index/lib/My97DatePicker/WdatePicker.js
ERR: 非法操作:lib

[ 2016-07-18T09:50:14+08:00 ] ::1 /2/QAQproject/index.php/admin/index/lib/datatables/1.10.0/jquery.dataTables.min.js
ERR: 非法操作:lib

[ 2016-07-18T09:50:14+08:00 ] ::1 /2/QAQproject/index.php/admin/index/js/H-ui.js
ERR: 非法操作:js

[ 2016-07-18T09:50:14+08:00 ] ::1 /2/QAQproject/index.php/admin/index/js/H-ui.admin.js
ERR: 非法操作:js

[ 2016-07-18T09:50:14+08:00 ] ::1 /2/QAQproject/index.php/admin/index/js/H-ui.admin.product.js
ERR: 非法操作:js

[ 2016-07-18T09:51:01+08:00 ] ::1 /2/QAQproject/index.php/admin/index/skin/default/skin.css
ERR: 非法操作:skin

[ 2016-07-18T09:51:17+08:00 ] ::1 /2/QAQproject/index.php/admin/index/member-level.html
ERR: 非法操作:member-level

[ 2016-07-18T09:51:17+08:00 ] ::1 /2/QAQproject/index.php/admin/index/member-scoreoperation.html
ERR: 非法操作:member-scoreoperation

[ 2016-07-18T09:51:31+08:00 ] ::1 /2/QAQproject/index.php/admin/index/skin/default/skin.css
ERR: 非法操作:skin

[ 2016-07-18T09:53:47+08:00 ] ::1 /2/QAQproject/index.php/admin/index/skin/default/skin.css
ERR: 非法操作:skin

[ 2016-07-18T09:54:33+08:00 ] ::1 /2/QAQproject/index.php/admin/index/skin/default/skin.css
ERR: 非法操作:skin

[ 2016-07-18T09:55:03+08:00 ] ::1 /2/QAQproject/index.php/admin/index/skin/default/skin.css
ERR: 非法操作:skin

[ 2016-07-18T09:56:07+08:00 ] ::1 /2/QAQproject/index.php/admin/index/skin/default/skin.css
ERR: 非法操作:skin

[ 2016-07-18T09:58:08+08:00 ] ::1 /2/QAQproject/index.php/admin/index/skin/default/skin.css
ERR: 非法操作:skin

[ 2016-07-18T09:58:51+08:00 ] ::1 /2/QAQproject/index.php/admin/index/skin/default/skin.css
ERR: 非法操作:skin

[ 2016-07-18T10:00:16+08:00 ] ::1 /2/QAQproject/index.php/admin/index/skin/default/skin.css
ERR: 非法操作:skin

[ 2016-07-18T10:01:55+08:00 ] ::1 /2/QAQproject/index.php/admin/index/skin/default/skin.css
ERR: 非法操作:skin

[ 2016-07-18T10:02:52+08:00 ] ::1 /2/QAQproject/index.php/admin/index/skin/default/skin.css
ERR: 非法操作:skin

[ 2016-07-18T10:04:39+08:00 ] ::1 /2/QAQproject/index.php/admin/index/skin/default/skin.css
ERR: 非法操作:skin

[ 2016-07-18T10:04:39+08:00 ] ::1 /2/QAQproject/index.php/admin/index/skin/default/skin.css
ERR: 非法操作:skin

[ 2016-07-18T10:05:33+08:00 ] ::1 /2/QAQproject/index.php/admin/index/skin/default/skin.css
ERR: 非法操作:skin

[ 2016-07-18T10:05:39+08:00 ] ::1 /2/QAQproject/index.php/admin/index/temp/brand/dongpeng.jpeg
ERR: 非法操作:temp

[ 2016-07-18T10:05:39+08:00 ] ::1 /2/QAQproject/index.php/admin/index/lib/laypage/1.2/laypage.js
ERR: 非法操作:lib

[ 2016-07-18T10:07:44+08:00 ] ::1 /2/QAQproject/index.php/admin/index/skin/default/skin.css
ERR: 非法操作:skin

[ 2016-07-18T10:07:51+08:00 ] ::1 /2/QAQproject/index.php/admin/index/lib/laypage/1.2/laypage.js
ERR: 非法操作:lib

[ 2016-07-18T10:07:52+08:00 ] ::1 /2/QAQproject/index.php/admin/index/temp/brand/dongpeng.jpeg
ERR: 非法操作:temp

[ 2016-07-18T10:08:15+08:00 ] ::1 /2/QAQproject/index.php/admin/index/skin/default/skin.css
ERR: 非法操作:skin

[ 2016-07-18T10:08:30+08:00 ] ::1 /2/QAQproject/index.php/admin/index/lib/laypage/1.2/laypage.js
ERR: 非法操作:lib

<<<<<<< HEAD
[ 2016-07-18T11:06:02+08:00 ] ::1 /2/QAQproject/index.php/admin/index/skin/default/skin.css
ERR: 非法操作:skin

[ 2016-07-18T11:06:14+08:00 ] ::1 /2/QAQproject/index.php/admin/index/temp/brand/dongpeng.jpeg
ERR: 非法操作:temp

[ 2016-07-18T11:06:15+08:00 ] ::1 /2/QAQproject/index.php/admin/index/lib/laypage/1.2/laypage.js
ERR: 非法操作:lib

[ 2016-07-18T11:08:14+08:00 ] ::1 /2/QAQproject/index.php/admin/index/skin/default/skin.css
ERR: 非法操作:skin

[ 2016-07-18T11:19:48+08:00 ] ::1 /2/QAQproject/index.php/admin/index/lib/laypage/1.2/laypage.js
ERR: 非法操作:lib

[ 2016-07-18T11:19:48+08:00 ] ::1 /2/QAQproject/index.php/admin/index/temp/brand/dongpeng.jpeg
ERR: 非法操作:temp

[ 2016-07-18T11:21:00+08:00 ] ::1 /2/QAQproject/index.php/admin/index/skin/default/skin.css
ERR: 非法操作:skin

[ 2016-07-18T11:21:02+08:00 ] ::1 /2/QAQproject/index.php/admin/index/lib/laypage/1.2/laypage.js
ERR: 非法操作:lib

[ 2016-07-18T11:23:13+08:00 ] ::1 /2/QAQproject/index.php/admin/index/skin/default/skin.css
ERR: 非法操作:skin

[ 2016-07-18T11:23:54+08:00 ] ::1 /2/QAQproject/index.php/admin/index/skin/default/skin.css
ERR: 非法操作:skin

[ 2016-07-18T11:28:19+08:00 ] ::1 /2/QAQproject/index.php/admin/index/skin/default/skin.css
ERR: 非法操作:skin

[ 2016-07-18T11:31:11+08:00 ] ::1 /2/QAQproject/index.php/admin/index/skin/default/skin.css
ERR: 非法操作:skin

[ 2016-07-18T11:41:05+08:00 ] ::1 /2/QAQproject/index.php/admin/index/skin/default/skin.css
ERR: 非法操作:skin

[ 2016-07-18T11:45:14+08:00 ] ::1 /2/QAQproject/index.php/admin/index/skin/default/skin.css
ERR: 非法操作:skin

[ 2016-07-18T11:46:22+08:00 ] ::1 /2/QAQproject/index.php/admin/index/skin/default/skin.css
ERR: 非法操作:skin

[ 2016-07-18T11:46:24+08:00 ] ::1 /2/QAQproject/index.php/admin/index/skin/default/skin.css
ERR: 非法操作:skin

[ 2016-07-18T11:46:25+08:00 ] ::1 /2/QAQproject/index.php/admin/index/skin/default/skin.css
ERR: 非法操作:skin

[ 2016-07-18T11:46:54+08:00 ] ::1 /2/QAQproject/index.php/admin/index/skin/default/skin.css
ERR: 非法操作:skin

[ 2016-07-18T11:48:03+08:00 ] ::1 /2/QAQproject/index.php/admin/index/skin/default/skin.css
ERR: 非法操作:skin

[ 2016-07-18T11:49:28+08:00 ] ::1 /2/QAQproject/index.php/admin/index/skin/blue/skin.css
ERR: 非法操作:skin

[ 2016-07-18T11:49:33+08:00 ] ::1 /2/QAQproject/index.php/admin/index/skin/green/skin.css
=======
[ 2016-07-18T11:04:30+08:00 ] ::1 /QAQproject/index.php/admin/index/skin/default/skin.css
ERR: 非法操作:skin

[ 2016-07-18T11:04:40+08:00 ] ::1 /QAQproject/index.php/admin/index/temp/brand/dongpeng.jpeg
ERR: 非法操作:temp

[ 2016-07-18T11:04:40+08:00 ] ::1 /QAQproject/index.php/admin/index/lib/laypage/1.2/laypage.js
ERR: 非法操作:lib

[ 2016-07-18T11:04:44+08:00 ] ::1 /QAQproject/index.php/admin/index/temp/brand/dongpeng.jpeg
ERR: 非法操作:temp

[ 2016-07-18T11:04:44+08:00 ] ::1 /QAQproject/index.php/admin/index/lib/laypage/1.2/laypage.js
ERR: 非法操作:lib

[ 2016-07-18T11:04:44+08:00 ] ::1 /QAQproject/index.php/admin/index/lib/laypage/1.2/laypage.js
ERR: 非法操作:lib

[ 2016-07-18T11:04:51+08:00 ] ::1 /QAQproject/index.php/admin/index/member-level.html
ERR: 非法操作:member-level

[ 2016-07-18T11:04:51+08:00 ] ::1 /QAQproject/index.php/admin/index/member-scoreoperation.html
ERR: 非法操作:member-scoreoperation

[ 2016-07-18T11:05:28+08:00 ] ::1 /QAQproject/index.php/admin/index/skin/green/skin.css
ERR: 非法操作:skin

[ 2016-07-18T11:05:33+08:00 ] ::1 /QAQproject/index.php/admin/index/skin/default/skin.css
ERR: 非法操作:skin

[ 2016-07-18T11:05:40+08:00 ] ::1 /QAQproject/index.php/admin/index/skin/default/skin.css
ERR: 非法操作:skin

[ 2016-07-18T11:06:22+08:00 ] ::1 /QAQproject/index.php/admin/index/temp/brand/dongpeng.jpeg
ERR: 非法操作:temp

[ 2016-07-18T11:06:22+08:00 ] ::1 /QAQproject/index.php/admin/index/lib/laypage/1.2/laypage.js
ERR: 非法操作:lib

[ 2016-07-18T11:06:22+08:00 ] ::1 /QAQproject/index.php/admin/index/lib/laypage/1.2/laypage.js
ERR: 非法操作:lib

[ 2016-07-18T11:34:44+08:00 ] ::1 /QAQproject/index.php/admin/index/skin/default/skin.css
ERR: 非法操作:skin

[ 2016-07-18T11:34:45+08:00 ] ::1 /QAQproject/index.php/admin/index/temp/brand/dongpeng.jpeg
ERR: 非法操作:temp

[ 2016-07-18T11:34:47+08:00 ] ::1 /QAQproject/index.php/admin/index/lib/laypage/1.2/laypage.js
ERR: 非法操作:lib

[ 2016-07-18T11:35:06+08:00 ] ::1 /QAQproject/index.php/admin/index/member-scoreoperation.html
ERR: 非法操作:member-scoreoperation

[ 2016-07-18T11:35:08+08:00 ] ::1 /QAQproject/index.php/admin/index/member-level.html
ERR: 非法操作:member-level

[ 2016-07-18T11:35:10+08:00 ] ::1 /QAQproject/index.php/admin/index/member-scoreoperation.html
ERR: 非法操作:member-scoreoperation

[ 2016-07-18T11:35:10+08:00 ] ::1 /QAQproject/index.php/admin/index/member-level.html
ERR: 非法操作:member-level

[ 2016-07-18T11:35:12+08:00 ] ::1 /QAQproject/index.php/admin/index/member-scoreoperation.html
ERR: 非法操作:member-scoreoperation

[ 2016-07-18T11:35:26+08:00 ] ::1 /QAQproject/index.php/admin/index/member-scoreoperation.html
ERR: 非法操作:member-scoreoperation

[ 2016-07-18T11:35:27+08:00 ] ::1 /QAQproject/index.php/admin/index/member-level.html
ERR: 非法操作:member-level

[ 2016-07-18T11:35:29+08:00 ] ::1 /QAQproject/index.php/admin/index/member-level.html
ERR: 非法操作:member-level

[ 2016-07-18T11:37:56+08:00 ] ::1 /QAQproject/index.php/admin/index/temp/brand/dongpeng.jpeg
ERR: 非法操作:temp

[ 2016-07-18T11:37:56+08:00 ] ::1 /QAQproject/index.php/admin/index/lib/laypage/1.2/laypage.js
ERR: 非法操作:lib

[ 2016-07-18T11:37:56+08:00 ] ::1 /QAQproject/index.php/admin/index/lib/laypage/1.2/laypage.js
ERR: 非法操作:lib

[ 2016-07-18T11:46:51+08:00 ] ::1 /QAQproject/index.php/admin/index/skin/default/skin.css
ERR: 非法操作:skin

[ 2016-07-18T11:47:05+08:00 ] ::1 /QAQproject/index.php/admin/index/skin/default/skin.css
ERR: 非法操作:skin

[ 2016-07-18T11:48:17+08:00 ] ::1 /QAQproject/index.php/admin/index/skin/default/skin.css
ERR: 非法操作:skin

[ 2016-07-18T11:49:05+08:00 ] ::1 /QAQproject/index.php/admin/index/skin/default/skin.css
ERR: 非法操作:skin

[ 2016-07-18T11:50:20+08:00 ] ::1 /QAQproject/index.php/admin/index/lib/laypage/1.2/laypage.js
ERR: 非法操作:lib

[ 2016-07-18T11:50:21+08:00 ] ::1 /QAQproject/index.php/admin/index/temp/brand/dongpeng.jpeg
ERR: 非法操作:temp

[ 2016-07-18T11:50:21+08:00 ] ::1 /QAQproject/index.php/admin/index/lib/laypage/1.2/laypage.js
ERR: 非法操作:lib

[ 2016-07-18T11:58:28+08:00 ] ::1 /QAQproject/index.php/admin/index/skin/default/skin.css
>>>>>>> 409690867543ef60311669effbedb4041d8cce5b
ERR: 非法操作:skin

[ 2016-07-18T15:00:00+08:00 ] ::1 /2/QAQproject/index.php/admin/index/skin/green/skin.css
ERR: 非法操作:skin

[ 2016-07-18T15:00:09+08:00 ] ::1 /2/QAQproject/index.php/admin/index/temp/brand/dongpeng.jpeg
ERR: 非法操作:temp

[ 2016-07-18T15:00:10+08:00 ] ::1 /2/QAQproject/index.php/admin/index/lib/laypage/1.2/laypage.js
ERR: 非法操作:lib

[ 2016-07-18T15:00:23+08:00 ] ::1 /2/QAQproject/index.php/admin/index/member-level.html
ERR: 非法操作:member-level

[ 2016-07-18T15:00:23+08:00 ] ::1 /2/QAQproject/index.php/admin/index/member-level.html
ERR: 非法操作:member-level

[ 2016-07-18T15:00:24+08:00 ] ::1 /2/QAQproject/index.php/admin/index/member-scoreoperation.html
ERR: 非法操作:member-scoreoperation

[ 2016-07-18T15:00:50+08:00 ] ::1 /2/QAQproject/index.php/admin/index/lib/laypage/1.2/laypage.js
ERR: 非法操作:lib

[ 2016-07-18T15:19:31+08:00 ] ::1 /2/QAQproject/index.php/admin/index/skin/green/skin.css
ERR: 非法操作:skin

[ 2016-07-18T15:22:21+08:00 ] ::1 /2/QAQproject/index.php/admin/index/lib/laypage/1.2/laypage.js
ERR: 非法操作:lib

[ 2016-07-18T15:22:33+08:00 ] ::1 /2/QAQproject/index.php/admin/index/temp/brand/dongpeng.jpeg
ERR: 非法操作:temp

[ 2016-07-18T15:22:34+08:00 ] ::1 /2/QAQproject/index.php/admin/index/lib/laypage/1.2/laypage.js
ERR: 非法操作:lib

[ 2016-07-18T15:24:56+08:00 ] ::1 /2/QAQproject/index.php/admin/index/skin/green/skin.css
ERR: 非法操作:skin

[ 2016-07-18T15:26:04+08:00 ] ::1 /2/QAQproject/index.php/admin/index/skin/green/skin.css
ERR: 非法操作:skin

[ 2016-07-18T15:29:42+08:00 ] ::1 /2/QAQproject/index.php/admin/index/skin/green/skin.css
ERR: 非法操作:skin

[ 2016-07-18T15:29:47+08:00 ] ::1 /2/QAQproject/index.php/admin/index/skin/green/skin.css
ERR: 非法操作:skin

[ 2016-07-18T15:30:31+08:00 ] ::1 /2/QAQproject/index.php/admin/index/skin/green/skin.css
ERR: 非法操作:skin

[ 2016-07-18T15:31:00+08:00 ] ::1 /2/QAQproject/index.php/admin/index/skin/green/skin.css
ERR: 非法操作:skin

[ 2016-07-18T15:33:22+08:00 ] ::1 /2/QAQproject/index.php/admin/index/skin/green/skin.css
ERR: 非法操作:skin

[ 2016-07-18T15:33:23+08:00 ] ::1 /2/QAQproject/index.php/admin/index/skin/green/skin.css
ERR: 非法操作:skin

[ 2016-07-18T15:33:24+08:00 ] ::1 /2/QAQproject/index.php/admin/index/skin/green/skin.css
ERR: 非法操作:skin

[ 2016-07-18T15:34:27+08:00 ] ::1 /2/QAQproject/index.php/admin/index/skin/green/skin.css
ERR: 非法操作:skin

[ 2016-07-18T15:34:37+08:00 ] ::1 /2/QAQproject/index.php/admin/index/temp/brand/dongpeng.jpeg
ERR: 非法操作:temp

[ 2016-07-18T15:34:37+08:00 ] ::1 /2/QAQproject/index.php/admin/index/lib/laypage/1.2/laypage.js
ERR: 非法操作:lib

[ 2016-07-18T15:43:02+08:00 ] ::1 /2/QAQproject/index.php/admin/index/skin/green/skin.css
ERR: 非法操作:skin

